<?xml version="1.0" encoding="UTF-8"?>
<!-- Generated by org.testng.reporters.JUnitXMLReporter -->
<testsuite ignored="0" hostname="DESKTOP-PQ5LUBJ" failures="0" tests="3" name="TestNG" time="117.449" errors="0" timestamp="2025-10-24T03:52:26 GMT-05:00">
  <testcase classname="com.pdcj.VirtualPianoTest" name="test1" time="19.112"/>
  <testcase classname="com.pdcj.VirtualPianoTest" name="test2" time="34.755"/>
  <testcase classname="com.pdcj.VirtualPianoTest" name="test3" time="47.421"/>
</testsuite> <!-- TestNG -->
