<?xml version="1.0" encoding="UTF-8"?>
<testsuite xmlns:xsi="http://www.w3.org/2001/XMLSchema-instance" xsi:noNamespaceSchemaLocation="https://maven.apache.org/surefire/maven-surefire-plugin/xsd/surefire-test-report-3.0.xsd" version="3.0" name="TestSuite" time="119.979" tests="3" errors="0" skipped="0" failures="0">
  <properties>
[...]
</properties>
  <testcase name="test1" classname="com.pdcj.VirtualPianoTest" time="20.084">
    <system-out><![CDATA[03:28:29.005 [main] DEBUG org.testng.TestNG -- suiteXmlPath: "C:\Users\Pablo C\Desktop\e2epiano\TestNG.xml"
]]></system-out>
  </testcase>
  <testcase name="test2" classname="com.pdcj.VirtualPianoTest" time="32.235"/>
  <testcase name="test3" classname="com.pdcj.VirtualPianoTest" time="50.591"/>
</testsuite>