<?xml version="1.0" encoding="UTF-8"?>
<!-- Generated by org.testng.reporters.JUnitReportReporter -->
<testsuite hostname="DESKTOP-PQ5LUBJ" failures="0" tests="3" name="com.pdcj.VirtualPianoTest" time="118.638" errors="0" timestamp="2025-10-24T03:30:28 GMT-05:00" skipped="0">
  <testcase classname="com.pdcj.VirtualPianoTest" name="test1" time="25.898">
    <system-out>
      <![CDATA[🎵 Iniciando reproducción de canción con 15 notas<br/>
📝 Secuencia: 1si,1si,2do,2re,2re,2do,1si,1la,1sol,1sol,1la,1si,1si,1la,1la<br/>
═══════════════════════════════════════════════════<br/>
<br/>
🎹 Nota #1/15<br/>
&nbsp;&nbsp;&nbsp;📥 Entrada: 1si<br/>
&nbsp;&nbsp;&nbsp;📤 Salida:  1si<br/>
&nbsp;&nbsp;&nbsp;🔍 Verificación: entrada=1si <--> salida=1si<br/>
&nbsp;&nbsp;&nbsp;✓ Verificación exitosa<br/>
&nbsp;&nbsp;&nbsp;⌨️  Presionando tecla: r (data-note: 1b)<br/>
&nbsp;&nbsp;&nbsp;⏱️  Manteniendo presionada por 300ms<br/>
&nbsp;&nbsp;&nbsp;🔓 Tecla liberada<br/>
&nbsp;&nbsp;&nbsp;⏸️  Pausa entre notas: 500ms<br/>
<br/>
🎹 Nota #2/15<br/>
&nbsp;&nbsp;&nbsp;📥 Entrada: 1si<br/>
&nbsp;&nbsp;&nbsp;📤 Salida:  1si<br/>
&nbsp;&nbsp;&nbsp;🔍 Verificación: entrada=1si <--> salida=1si<br/>
&nbsp;&nbsp;&nbsp;✓ Verificación exitosa<br/>
&nbsp;&nbsp;&nbsp;⌨️  Presionando tecla: r (data-note: 1b)<br/>
&nbsp;&nbsp;&nbsp;⏱️  Manteniendo presionada por 300ms<br/>
&nbsp;&nbsp;&nbsp;🔓 Tecla liberada<br/>
&nbsp;&nbsp;&nbsp;⏸️  Pausa entre notas: 500ms<br/>
<br/>
🎹 Nota #3/15<br/>
&nbsp;&nbsp;&nbsp;📥 Entrada: 2do<br/>
&nbsp;&nbsp;&nbsp;📤 Salida:  2do<br/>
&nbsp;&nbsp;&nbsp;🔍 Verificación: entrada=2do <--> salida=2do<br/>
&nbsp;&nbsp;&nbsp;✓ Verificación exitosa<br/>
&nbsp;&nbsp;&nbsp;⌨️  Presionando tecla: t (data-note: 2c)<br/>
&nbsp;&nbsp;&nbsp;⏱️  Manteniendo presionada por 300ms<br/>
&nbsp;&nbsp;&nbsp;🔓 Tecla liberada<br/>
&nbsp;&nbsp;&nbsp;⏸️  Pausa entre notas: 500ms<br/>
<br/>
🎹 Nota #4/15<br/>
&nbsp;&nbsp;&nbsp;📥 Entrada: 2re<br/>
&nbsp;&nbsp;&nbsp;📤 Salida:  2re<br/>
&nbsp;&nbsp;&nbsp;🔍 Verificación: entrada=2re <--> salida=2re<br/>
&nbsp;&nbsp;&nbsp;✓ Verificación exitosa<br/>
&nbsp;&nbsp;&nbsp;⌨️  Presionando tecla: y (data-note: 2d)<br/>
&nbsp;&nbsp;&nbsp;⏱️  Manteniendo presionada por 300ms<br/>
&nbsp;&nbsp;&nbsp;🔓 Tecla liberada<br/>
&nbsp;&nbsp;&nbsp;⏸️  Pausa entre notas: 500ms<br/>
<br/>
🎹 Nota #5/15<br/>
&nbsp;&nbsp;&nbsp;📥 Entrada: 2re<br/>
&nbsp;&nbsp;&nbsp;📤 Salida:  2re<br/>
&nbsp;&nbsp;&nbsp;🔍 Verificación: entrada=2re <--> salida=2re<br/>
&nbsp;&nbsp;&nbsp;✓ Verificación exitosa<br/>
&nbsp;&nbsp;&nbsp;⌨️  Presionando tecla: y (data-note: 2d)<br/>
&nbsp;&nbsp;&nbsp;⏱️  Manteniendo presionada por 300ms<br/>
&nbsp;&nbsp;&nbsp;🔓 Tecla liberada<br/>
&nbsp;&nbsp;&nbsp;⏸️  Pausa entre notas: 500ms<br/>
<br/>
🎹 Nota #6/15<br/>
&nbsp;&nbsp;&nbsp;📥 Entrada: 2do<br/>
&nbsp;&nbsp;&nbsp;📤 Salida:  2do<br/>
&nbsp;&nbsp;&nbsp;🔍 Verificación: entrada=2do <--> salida=2do<br/>
&nbsp;&nbsp;&nbsp;✓ Verificación exitosa<br/>
&nbsp;&nbsp;&nbsp;⌨️  Presionando tecla: t (data-note: 2c)<br/>
&nbsp;&nbsp;&nbsp;⏱️  Manteniendo presionada por 300ms<br/>
&nbsp;&nbsp;&nbsp;🔓 Tecla liberada<br/>
&nbsp;&nbsp;&nbsp;⏸️  Pausa entre notas: 500ms<br/>
<br/>
🎹 Nota #7/15<br/>
&nbsp;&nbsp;&nbsp;📥 Entrada: 1si<br/>
&nbsp;&nbsp;&nbsp;📤 Salida:  1si<br/>
&nbsp;&nbsp;&nbsp;🔍 Verificación: entrada=1si <--> salida=1si<br/>
&nbsp;&nbsp;&nbsp;✓ Verificación exitosa<br/>
&nbsp;&nbsp;&nbsp;⌨️  Presionando tecla: r (data-note: 1b)<br/>
&nbsp;&nbsp;&nbsp;⏱️  Manteniendo presionada por 300ms<br/>
&nbsp;&nbsp;&nbsp;🔓 Tecla liberada<br/>
&nbsp;&nbsp;&nbsp;⏸️  Pausa entre notas: 500ms<br/>
<br/>
🎹 Nota #8/15<br/>
&nbsp;&nbsp;&nbsp;📥 Entrada: 1la<br/>
&nbsp;&nbsp;&nbsp;📤 Salida:  1la<br/>
&nbsp;&nbsp;&nbsp;🔍 Verificación: entrada=1la <--> salida=1la<br/>
&nbsp;&nbsp;&nbsp;✓ Verificación exitosa<br/>
&nbsp;&nbsp;&nbsp;⌨️  Presionando tecla: e (data-note: 1a)<br/>
&nbsp;&nbsp;&nbsp;⏱️  Manteniendo presionada por 300ms<br/>
&nbsp;&nbsp;&nbsp;🔓 Tecla liberada<br/>
&nbsp;&nbsp;&nbsp;⏸️  Pausa entre notas: 500ms<br/>
<br/>
🎹 Nota #9/15<br/>
&nbsp;&nbsp;&nbsp;📥 Entrada: 1sol<br/>
&nbsp;&nbsp;&nbsp;📤 Salida:  1sol<br/>
&nbsp;&nbsp;&nbsp;🔍 Verificación: entrada=1sol <--> salida=1sol<br/>
&nbsp;&nbsp;&nbsp;✓ Verificación exitosa<br/>
&nbsp;&nbsp;&nbsp;⌨️  Presionando tecla: w (data-note: 1g)<br/>
&nbsp;&nbsp;&nbsp;⏱️  Manteniendo presionada por 300ms<br/>
&nbsp;&nbsp;&nbsp;🔓 Tecla liberada<br/>
&nbsp;&nbsp;&nbsp;⏸️  Pausa entre notas: 500ms<br/>
<br/>
🎹 Nota #10/15<br/>
&nbsp;&nbsp;&nbsp;📥 Entrada: 1sol<br/>
&nbsp;&nbsp;&nbsp;📤 Salida:  1sol<br/>
&nbsp;&nbsp;&nbsp;🔍 Verificación: entrada=1sol <--> salida=1sol<br/>
&nbsp;&nbsp;&nbsp;✓ Verificación exitosa<br/>
&nbsp;&nbsp;&nbsp;⌨️  Presionando tecla: w (data-note: 1g)<br/>
&nbsp;&nbsp;&nbsp;⏱️  Manteniendo presionada por 300ms<br/>
&nbsp;&nbsp;&nbsp;🔓 Tecla liberada<br/>
&nbsp;&nbsp;&nbsp;⏸️  Pausa entre notas: 500ms<br/>
<br/>
🎹 Nota #11/15<br/>
&nbsp;&nbsp;&nbsp;📥 Entrada: 1la<br/>
&nbsp;&nbsp;&nbsp;📤 Salida:  1la<br/>
&nbsp;&nbsp;&nbsp;🔍 Verificación: entrada=1la <--> salida=1la<br/>
&nbsp;&nbsp;&nbsp;✓ Verificación exitosa<br/>
&nbsp;&nbsp;&nbsp;⌨️  Presionando tecla: e (data-note: 1a)<br/>
&nbsp;&nbsp;&nbsp;⏱️  Manteniendo presionada por 300ms<br/>
&nbsp;&nbsp;&nbsp;🔓 Tecla liberada<br/>
&nbsp;&nbsp;&nbsp;⏸️  Pausa entre notas: 500ms<br/>
<br/>
🎹 Nota #12/15<br/>
&nbsp;&nbsp;&nbsp;📥 Entrada: 1si<br/>
&nbsp;&nbsp;&nbsp;📤 Salida:  1si<br/>
&nbsp;&nbsp;&nbsp;🔍 Verificación: entrada=1si <--> salida=1si<br/>
&nbsp;&nbsp;&nbsp;✓ Verificación exitosa<br/>
&nbsp;&nbsp;&nbsp;⌨️  Presionando tecla: r (data-note: 1b)<br/>
&nbsp;&nbsp;&nbsp;⏱️  Manteniendo presionada por 300ms<br/>
&nbsp;&nbsp;&nbsp;🔓 Tecla liberada<br/>
&nbsp;&nbsp;&nbsp;⏸️  Pausa entre notas: 500ms<br/>
<br/>
🎹 Nota #13/15<br/>
&nbsp;&nbsp;&nbsp;📥 Entrada: 1si<br/>
&nbsp;&nbsp;&nbsp;📤 Salida:  1si<br/>
&nbsp;&nbsp;&nbsp;🔍 Verificación: entrada=1si <--> salida=1si<br/>
&nbsp;&nbsp;&nbsp;✓ Verificación exitosa<br/>
&nbsp;&nbsp;&nbsp;⌨️  Presionando tecla: r (data-note: 1b)<br/>
&nbsp;&nbsp;&nbsp;⏱️  Manteniendo presionada por 300ms<br/>
&nbsp;&nbsp;&nbsp;🔓 Tecla liberada<br/>
&nbsp;&nbsp;&nbsp;⏸️  Pausa entre notas: 500ms<br/>
<br/>
🎹 Nota #14/15<br/>
&nbsp;&nbsp;&nbsp;📥 Entrada: 1la<br/>
&nbsp;&nbsp;&nbsp;📤 Salida:  1la<br/>
&nbsp;&nbsp;&nbsp;🔍 Verificación: entrada=1la <--> salida=1la<br/>
&nbsp;&nbsp;&nbsp;✓ Verificación exitosa<br/>
&nbsp;&nbsp;&nbsp;⌨️  Presionando tecla: e (data-note: 1a)<br/>
&nbsp;&nbsp;&nbsp;⏱️  Manteniendo presionada por 300ms<br/>
&nbsp;&nbsp;&nbsp;🔓 Tecla liberada<br/>
&nbsp;&nbsp;&nbsp;⏸️  Pausa entre notas: 500ms<br/>
<br/>
🎹 Nota #15/15<br/>
&nbsp;&nbsp;&nbsp;📥 Entrada: 1la<br/>
&nbsp;&nbsp;&nbsp;📤 Salida:  1la<br/>
&nbsp;&nbsp;&nbsp;🔍 Verificación: entrada=1la <--> salida=1la<br/>
&nbsp;&nbsp;&nbsp;✓ Verificación exitosa<br/>
&nbsp;&nbsp;&nbsp;⌨️  Presionando tecla: e (data-note: 1a)<br/>
&nbsp;&nbsp;&nbsp;⏱️  Manteniendo presionada por 300ms<br/>
&nbsp;&nbsp;&nbsp;🔓 Tecla liberada<br/>
&nbsp;&nbsp;&nbsp;⏸️  Pausa entre notas: 500ms<br/>
<br/>
<br/>
═══════════════════════════════════════════════════<br/>
✅ Reproducción completada exitosamente<br/>]]>
    </system-out>
  </testcase> <!-- test1 -->
  <testcase classname="com.pdcj.VirtualPianoTest" name="test2" time="36.701">
    <system-out>
      <![CDATA[🎵 Iniciando reproducción de canción con 30 notas<br/>
📝 Secuencia: 1si,1si,2do,2re,2re,2do,1si,1la,1sol,1sol,1la,1si,1si,1la,1la,1si,1si,2do,2re,2re,2do,1si,1la,1sol,1sol,1la,1si,1si,1la,1la<br/>
═══════════════════════════════════════════════════<br/>
<br/>
🎹 Nota #1/30<br/>
&nbsp;&nbsp;&nbsp;📥 Entrada: 1si<br/>
&nbsp;&nbsp;&nbsp;📤 Salida:  1si<br/>
&nbsp;&nbsp;&nbsp;🔍 Verificación: entrada=1si <--> salida=1si<br/>
&nbsp;&nbsp;&nbsp;✓ Verificación exitosa<br/>
&nbsp;&nbsp;&nbsp;⌨️  Presionando tecla: r (data-note: 1b)<br/>
&nbsp;&nbsp;&nbsp;⏱️  Manteniendo presionada por 300ms<br/>
&nbsp;&nbsp;&nbsp;🔓 Tecla liberada<br/>
&nbsp;&nbsp;&nbsp;⏸️  Pausa entre notas: 500ms<br/>
<br/>
🎹 Nota #2/30<br/>
&nbsp;&nbsp;&nbsp;📥 Entrada: 1si<br/>
&nbsp;&nbsp;&nbsp;📤 Salida:  1si<br/>
&nbsp;&nbsp;&nbsp;🔍 Verificación: entrada=1si <--> salida=1si<br/>
&nbsp;&nbsp;&nbsp;✓ Verificación exitosa<br/>
&nbsp;&nbsp;&nbsp;⌨️  Presionando tecla: r (data-note: 1b)<br/>
&nbsp;&nbsp;&nbsp;⏱️  Manteniendo presionada por 300ms<br/>
&nbsp;&nbsp;&nbsp;🔓 Tecla liberada<br/>
&nbsp;&nbsp;&nbsp;⏸️  Pausa entre notas: 500ms<br/>
<br/>
🎹 Nota #3/30<br/>
&nbsp;&nbsp;&nbsp;📥 Entrada: 2do<br/>
&nbsp;&nbsp;&nbsp;📤 Salida:  2do<br/>
&nbsp;&nbsp;&nbsp;🔍 Verificación: entrada=2do <--> salida=2do<br/>
&nbsp;&nbsp;&nbsp;✓ Verificación exitosa<br/>
&nbsp;&nbsp;&nbsp;⌨️  Presionando tecla: t (data-note: 2c)<br/>
&nbsp;&nbsp;&nbsp;⏱️  Manteniendo presionada por 300ms<br/>
&nbsp;&nbsp;&nbsp;🔓 Tecla liberada<br/>
&nbsp;&nbsp;&nbsp;⏸️  Pausa entre notas: 500ms<br/>
<br/>
🎹 Nota #4/30<br/>
&nbsp;&nbsp;&nbsp;📥 Entrada: 2re<br/>
&nbsp;&nbsp;&nbsp;📤 Salida:  2re<br/>
&nbsp;&nbsp;&nbsp;🔍 Verificación: entrada=2re <--> salida=2re<br/>
&nbsp;&nbsp;&nbsp;✓ Verificación exitosa<br/>
&nbsp;&nbsp;&nbsp;⌨️  Presionando tecla: y (data-note: 2d)<br/>
&nbsp;&nbsp;&nbsp;⏱️  Manteniendo presionada por 300ms<br/>
&nbsp;&nbsp;&nbsp;🔓 Tecla liberada<br/>
&nbsp;&nbsp;&nbsp;⏸️  Pausa entre notas: 500ms<br/>
<br/>
🎹 Nota #5/30<br/>
&nbsp;&nbsp;&nbsp;📥 Entrada: 2re<br/>
&nbsp;&nbsp;&nbsp;📤 Salida:  2re<br/>
&nbsp;&nbsp;&nbsp;🔍 Verificación: entrada=2re <--> salida=2re<br/>
&nbsp;&nbsp;&nbsp;✓ Verificación exitosa<br/>
&nbsp;&nbsp;&nbsp;⌨️  Presionando tecla: y (data-note: 2d)<br/>
&nbsp;&nbsp;&nbsp;⏱️  Manteniendo presionada por 300ms<br/>
&nbsp;&nbsp;&nbsp;🔓 Tecla liberada<br/>
&nbsp;&nbsp;&nbsp;⏸️  Pausa entre notas: 500ms<br/>
<br/>
🎹 Nota #6/30<br/>
&nbsp;&nbsp;&nbsp;📥 Entrada: 2do<br/>
&nbsp;&nbsp;&nbsp;📤 Salida:  2do<br/>
&nbsp;&nbsp;&nbsp;🔍 Verificación: entrada=2do <--> salida=2do<br/>
&nbsp;&nbsp;&nbsp;✓ Verificación exitosa<br/>
&nbsp;&nbsp;&nbsp;⌨️  Presionando tecla: t (data-note: 2c)<br/>
&nbsp;&nbsp;&nbsp;⏱️  Manteniendo presionada por 300ms<br/>
&nbsp;&nbsp;&nbsp;🔓 Tecla liberada<br/>
&nbsp;&nbsp;&nbsp;⏸️  Pausa entre notas: 500ms<br/>
<br/>
🎹 Nota #7/30<br/>
&nbsp;&nbsp;&nbsp;📥 Entrada: 1si<br/>
&nbsp;&nbsp;&nbsp;📤 Salida:  1si<br/>
&nbsp;&nbsp;&nbsp;🔍 Verificación: entrada=1si <--> salida=1si<br/>
&nbsp;&nbsp;&nbsp;✓ Verificación exitosa<br/>
&nbsp;&nbsp;&nbsp;⌨️  Presionando tecla: r (data-note: 1b)<br/>
&nbsp;&nbsp;&nbsp;⏱️  Manteniendo presionada por 300ms<br/>
&nbsp;&nbsp;&nbsp;🔓 Tecla liberada<br/>
&nbsp;&nbsp;&nbsp;⏸️  Pausa entre notas: 500ms<br/>
<br/>
🎹 Nota #8/30<br/>
&nbsp;&nbsp;&nbsp;📥 Entrada: 1la<br/>
&nbsp;&nbsp;&nbsp;📤 Salida:  1la<br/>
&nbsp;&nbsp;&nbsp;🔍 Verificación: entrada=1la <--> salida=1la<br/>
&nbsp;&nbsp;&nbsp;✓ Verificación exitosa<br/>
&nbsp;&nbsp;&nbsp;⌨️  Presionando tecla: e (data-note: 1a)<br/>
&nbsp;&nbsp;&nbsp;⏱️  Manteniendo presionada por 300ms<br/>
&nbsp;&nbsp;&nbsp;🔓 Tecla liberada<br/>
&nbsp;&nbsp;&nbsp;⏸️  Pausa entre notas: 500ms<br/>
<br/>
🎹 Nota #9/30<br/>
&nbsp;&nbsp;&nbsp;📥 Entrada: 1sol<br/>
&nbsp;&nbsp;&nbsp;📤 Salida:  1sol<br/>
&nbsp;&nbsp;&nbsp;🔍 Verificación: entrada=1sol <--> salida=1sol<br/>
&nbsp;&nbsp;&nbsp;✓ Verificación exitosa<br/>
&nbsp;&nbsp;&nbsp;⌨️  Presionando tecla: w (data-note: 1g)<br/>
&nbsp;&nbsp;&nbsp;⏱️  Manteniendo presionada por 300ms<br/>
&nbsp;&nbsp;&nbsp;🔓 Tecla liberada<br/>
&nbsp;&nbsp;&nbsp;⏸️  Pausa entre notas: 500ms<br/>
<br/>
🎹 Nota #10/30<br/>
&nbsp;&nbsp;&nbsp;📥 Entrada: 1sol<br/>
&nbsp;&nbsp;&nbsp;📤 Salida:  1sol<br/>
&nbsp;&nbsp;&nbsp;🔍 Verificación: entrada=1sol <--> salida=1sol<br/>
&nbsp;&nbsp;&nbsp;✓ Verificación exitosa<br/>
&nbsp;&nbsp;&nbsp;⌨️  Presionando tecla: w (data-note: 1g)<br/>
&nbsp;&nbsp;&nbsp;⏱️  Manteniendo presionada por 300ms<br/>
&nbsp;&nbsp;&nbsp;🔓 Tecla liberada<br/>
&nbsp;&nbsp;&nbsp;⏸️  Pausa entre notas: 500ms<br/>
<br/>
🎹 Nota #11/30<br/>
&nbsp;&nbsp;&nbsp;📥 Entrada: 1la<br/>
&nbsp;&nbsp;&nbsp;📤 Salida:  1la<br/>
&nbsp;&nbsp;&nbsp;🔍 Verificación: entrada=1la <--> salida=1la<br/>
&nbsp;&nbsp;&nbsp;✓ Verificación exitosa<br/>
&nbsp;&nbsp;&nbsp;⌨️  Presionando tecla: e (data-note: 1a)<br/>
&nbsp;&nbsp;&nbsp;⏱️  Manteniendo presionada por 300ms<br/>
&nbsp;&nbsp;&nbsp;🔓 Tecla liberada<br/>
&nbsp;&nbsp;&nbsp;⏸️  Pausa entre notas: 500ms<br/>
<br/>
🎹 Nota #12/30<br/>
&nbsp;&nbsp;&nbsp;📥 Entrada: 1si<br/>
&nbsp;&nbsp;&nbsp;📤 Salida:  1si<br/>
&nbsp;&nbsp;&nbsp;🔍 Verificación: entrada=1si <--> salida=1si<br/>
&nbsp;&nbsp;&nbsp;✓ Verificación exitosa<br/>
&nbsp;&nbsp;&nbsp;⌨️  Presionando tecla: r (data-note: 1b)<br/>
&nbsp;&nbsp;&nbsp;⏱️  Manteniendo presionada por 300ms<br/>
&nbsp;&nbsp;&nbsp;🔓 Tecla liberada<br/>
&nbsp;&nbsp;&nbsp;⏸️  Pausa entre notas: 500ms<br/>
<br/>
🎹 Nota #13/30<br/>
&nbsp;&nbsp;&nbsp;📥 Entrada: 1si<br/>
&nbsp;&nbsp;&nbsp;📤 Salida:  1si<br/>
&nbsp;&nbsp;&nbsp;🔍 Verificación: entrada=1si <--> salida=1si<br/>
&nbsp;&nbsp;&nbsp;✓ Verificación exitosa<br/>
&nbsp;&nbsp;&nbsp;⌨️  Presionando tecla: r (data-note: 1b)<br/>
&nbsp;&nbsp;&nbsp;⏱️  Manteniendo presionada por 300ms<br/>
&nbsp;&nbsp;&nbsp;🔓 Tecla liberada<br/>
&nbsp;&nbsp;&nbsp;⏸️  Pausa entre notas: 500ms<br/>
<br/>
🎹 Nota #14/30<br/>
&nbsp;&nbsp;&nbsp;📥 Entrada: 1la<br/>
&nbsp;&nbsp;&nbsp;📤 Salida:  1la<br/>
&nbsp;&nbsp;&nbsp;🔍 Verificación: entrada=1la <--> salida=1la<br/>
&nbsp;&nbsp;&nbsp;✓ Verificación exitosa<br/>
&nbsp;&nbsp;&nbsp;⌨️  Presionando tecla: e (data-note: 1a)<br/>
&nbsp;&nbsp;&nbsp;⏱️  Manteniendo presionada por 300ms<br/>
&nbsp;&nbsp;&nbsp;🔓 Tecla liberada<br/>
&nbsp;&nbsp;&nbsp;⏸️  Pausa entre notas: 500ms<br/>
<br/>
🎹 Nota #15/30<br/>
&nbsp;&nbsp;&nbsp;📥 Entrada: 1la<br/>
&nbsp;&nbsp;&nbsp;📤 Salida:  1la<br/>
&nbsp;&nbsp;&nbsp;🔍 Verificación: entrada=1la <--> salida=1la<br/>
&nbsp;&nbsp;&nbsp;✓ Verificación exitosa<br/>
&nbsp;&nbsp;&nbsp;⌨️  Presionando tecla: e (data-note: 1a)<br/>
&nbsp;&nbsp;&nbsp;⏱️  Manteniendo presionada por 300ms<br/>
&nbsp;&nbsp;&nbsp;🔓 Tecla liberada<br/>
&nbsp;&nbsp;&nbsp;⏸️  Pausa entre notas: 500ms<br/>
<br/>
🎹 Nota #16/30<br/>
&nbsp;&nbsp;&nbsp;📥 Entrada: 1si<br/>
&nbsp;&nbsp;&nbsp;📤 Salida:  1si<br/>
&nbsp;&nbsp;&nbsp;🔍 Verificación: entrada=1si <--> salida=1si<br/>
&nbsp;&nbsp;&nbsp;✓ Verificación exitosa<br/>
&nbsp;&nbsp;&nbsp;⌨️  Presionando tecla: r (data-note: 1b)<br/>
&nbsp;&nbsp;&nbsp;⏱️  Manteniendo presionada por 300ms<br/>
&nbsp;&nbsp;&nbsp;🔓 Tecla liberada<br/>
&nbsp;&nbsp;&nbsp;⏸️  Pausa entre notas: 500ms<br/>
<br/>
🎹 Nota #17/30<br/>
&nbsp;&nbsp;&nbsp;📥 Entrada: 1si<br/>
&nbsp;&nbsp;&nbsp;📤 Salida:  1si<br/>
&nbsp;&nbsp;&nbsp;🔍 Verificación: entrada=1si <--> salida=1si<br/>
&nbsp;&nbsp;&nbsp;✓ Verificación exitosa<br/>
&nbsp;&nbsp;&nbsp;⌨️  Presionando tecla: r (data-note: 1b)<br/>
&nbsp;&nbsp;&nbsp;⏱️  Manteniendo presionada por 300ms<br/>
&nbsp;&nbsp;&nbsp;🔓 Tecla liberada<br/>
&nbsp;&nbsp;&nbsp;⏸️  Pausa entre notas: 500ms<br/>
<br/>
🎹 Nota #18/30<br/>
&nbsp;&nbsp;&nbsp;📥 Entrada: 2do<br/>
&nbsp;&nbsp;&nbsp;📤 Salida:  2do<br/>
&nbsp;&nbsp;&nbsp;🔍 Verificación: entrada=2do <--> salida=2do<br/>
&nbsp;&nbsp;&nbsp;✓ Verificación exitosa<br/>
&nbsp;&nbsp;&nbsp;⌨️  Presionando tecla: t (data-note: 2c)<br/>
&nbsp;&nbsp;&nbsp;⏱️  Manteniendo presionada por 300ms<br/>
&nbsp;&nbsp;&nbsp;🔓 Tecla liberada<br/>
&nbsp;&nbsp;&nbsp;⏸️  Pausa entre notas: 500ms<br/>
<br/>
🎹 Nota #19/30<br/>
&nbsp;&nbsp;&nbsp;📥 Entrada: 2re<br/>
&nbsp;&nbsp;&nbsp;📤 Salida:  2re<br/>
&nbsp;&nbsp;&nbsp;🔍 Verificación: entrada=2re <--> salida=2re<br/>
&nbsp;&nbsp;&nbsp;✓ Verificación exitosa<br/>
&nbsp;&nbsp;&nbsp;⌨️  Presionando tecla: y (data-note: 2d)<br/>
&nbsp;&nbsp;&nbsp;⏱️  Manteniendo presionada por 300ms<br/>
&nbsp;&nbsp;&nbsp;🔓 Tecla liberada<br/>
&nbsp;&nbsp;&nbsp;⏸️  Pausa entre notas: 500ms<br/>
<br/>
🎹 Nota #20/30<br/>
&nbsp;&nbsp;&nbsp;📥 Entrada: 2re<br/>
&nbsp;&nbsp;&nbsp;📤 Salida:  2re<br/>
&nbsp;&nbsp;&nbsp;🔍 Verificación: entrada=2re <--> salida=2re<br/>
&nbsp;&nbsp;&nbsp;✓ Verificación exitosa<br/>
&nbsp;&nbsp;&nbsp;⌨️  Presionando tecla: y (data-note: 2d)<br/>
&nbsp;&nbsp;&nbsp;⏱️  Manteniendo presionada por 300ms<br/>
&nbsp;&nbsp;&nbsp;🔓 Tecla liberada<br/>
&nbsp;&nbsp;&nbsp;⏸️  Pausa entre notas: 500ms<br/>
<br/>
🎹 Nota #21/30<br/>
&nbsp;&nbsp;&nbsp;📥 Entrada: 2do<br/>
&nbsp;&nbsp;&nbsp;📤 Salida:  2do<br/>
&nbsp;&nbsp;&nbsp;🔍 Verificación: entrada=2do <--> salida=2do<br/>
&nbsp;&nbsp;&nbsp;✓ Verificación exitosa<br/>
&nbsp;&nbsp;&nbsp;⌨️  Presionando tecla: t (data-note: 2c)<br/>
&nbsp;&nbsp;&nbsp;⏱️  Manteniendo presionada por 300ms<br/>
&nbsp;&nbsp;&nbsp;🔓 Tecla liberada<br/>
&nbsp;&nbsp;&nbsp;⏸️  Pausa entre notas: 500ms<br/>
<br/>
🎹 Nota #22/30<br/>
&nbsp;&nbsp;&nbsp;📥 Entrada: 1si<br/>
&nbsp;&nbsp;&nbsp;📤 Salida:  1si<br/>
&nbsp;&nbsp;&nbsp;🔍 Verificación: entrada=1si <--> salida=1si<br/>
&nbsp;&nbsp;&nbsp;✓ Verificación exitosa<br/>
&nbsp;&nbsp;&nbsp;⌨️  Presionando tecla: r (data-note: 1b)<br/>
&nbsp;&nbsp;&nbsp;⏱️  Manteniendo presionada por 300ms<br/>
&nbsp;&nbsp;&nbsp;🔓 Tecla liberada<br/>
&nbsp;&nbsp;&nbsp;⏸️  Pausa entre notas: 500ms<br/>
<br/>
🎹 Nota #23/30<br/>
&nbsp;&nbsp;&nbsp;📥 Entrada: 1la<br/>
&nbsp;&nbsp;&nbsp;📤 Salida:  1la<br/>
&nbsp;&nbsp;&nbsp;🔍 Verificación: entrada=1la <--> salida=1la<br/>
&nbsp;&nbsp;&nbsp;✓ Verificación exitosa<br/>
&nbsp;&nbsp;&nbsp;⌨️  Presionando tecla: e (data-note: 1a)<br/>
&nbsp;&nbsp;&nbsp;⏱️  Manteniendo presionada por 300ms<br/>
&nbsp;&nbsp;&nbsp;🔓 Tecla liberada<br/>
&nbsp;&nbsp;&nbsp;⏸️  Pausa entre notas: 500ms<br/>
<br/>
🎹 Nota #24/30<br/>
&nbsp;&nbsp;&nbsp;📥 Entrada: 1sol<br/>
&nbsp;&nbsp;&nbsp;📤 Salida:  1sol<br/>
&nbsp;&nbsp;&nbsp;🔍 Verificación: entrada=1sol <--> salida=1sol<br/>
&nbsp;&nbsp;&nbsp;✓ Verificación exitosa<br/>
&nbsp;&nbsp;&nbsp;⌨️  Presionando tecla: w (data-note: 1g)<br/>
&nbsp;&nbsp;&nbsp;⏱️  Manteniendo presionada por 300ms<br/>
&nbsp;&nbsp;&nbsp;🔓 Tecla liberada<br/>
&nbsp;&nbsp;&nbsp;⏸️  Pausa entre notas: 500ms<br/>
<br/>
🎹 Nota #25/30<br/>
&nbsp;&nbsp;&nbsp;📥 Entrada: 1sol<br/>
&nbsp;&nbsp;&nbsp;📤 Salida:  1sol<br/>
&nbsp;&nbsp;&nbsp;🔍 Verificación: entrada=1sol <--> salida=1sol<br/>
&nbsp;&nbsp;&nbsp;✓ Verificación exitosa<br/>
&nbsp;&nbsp;&nbsp;⌨️  Presionando tecla: w (data-note: 1g)<br/>
&nbsp;&nbsp;&nbsp;⏱️  Manteniendo presionada por 300ms<br/>
&nbsp;&nbsp;&nbsp;🔓 Tecla liberada<br/>
&nbsp;&nbsp;&nbsp;⏸️  Pausa entre notas: 500ms<br/>
<br/>
🎹 Nota #26/30<br/>
&nbsp;&nbsp;&nbsp;📥 Entrada: 1la<br/>
&nbsp;&nbsp;&nbsp;📤 Salida:  1la<br/>
&nbsp;&nbsp;&nbsp;🔍 Verificación: entrada=1la <--> salida=1la<br/>
&nbsp;&nbsp;&nbsp;✓ Verificación exitosa<br/>
&nbsp;&nbsp;&nbsp;⌨️  Presionando tecla: e (data-note: 1a)<br/>
&nbsp;&nbsp;&nbsp;⏱️  Manteniendo presionada por 300ms<br/>
&nbsp;&nbsp;&nbsp;🔓 Tecla liberada<br/>
&nbsp;&nbsp;&nbsp;⏸️  Pausa entre notas: 500ms<br/>
<br/>
🎹 Nota #27/30<br/>
&nbsp;&nbsp;&nbsp;📥 Entrada: 1si<br/>
&nbsp;&nbsp;&nbsp;📤 Salida:  1si<br/>
&nbsp;&nbsp;&nbsp;🔍 Verificación: entrada=1si <--> salida=1si<br/>
&nbsp;&nbsp;&nbsp;✓ Verificación exitosa<br/>
&nbsp;&nbsp;&nbsp;⌨️  Presionando tecla: r (data-note: 1b)<br/>
&nbsp;&nbsp;&nbsp;⏱️  Manteniendo presionada por 300ms<br/>
&nbsp;&nbsp;&nbsp;🔓 Tecla liberada<br/>
&nbsp;&nbsp;&nbsp;⏸️  Pausa entre notas: 500ms<br/>
<br/>
🎹 Nota #28/30<br/>
&nbsp;&nbsp;&nbsp;📥 Entrada: 1si<br/>
&nbsp;&nbsp;&nbsp;📤 Salida:  1si<br/>
&nbsp;&nbsp;&nbsp;🔍 Verificación: entrada=1si <--> salida=1si<br/>
&nbsp;&nbsp;&nbsp;✓ Verificación exitosa<br/>
&nbsp;&nbsp;&nbsp;⌨️  Presionando tecla: r (data-note: 1b)<br/>
&nbsp;&nbsp;&nbsp;⏱️  Manteniendo presionada por 300ms<br/>
&nbsp;&nbsp;&nbsp;🔓 Tecla liberada<br/>
&nbsp;&nbsp;&nbsp;⏸️  Pausa entre notas: 500ms<br/>
<br/>
🎹 Nota #29/30<br/>
&nbsp;&nbsp;&nbsp;📥 Entrada: 1la<br/>
&nbsp;&nbsp;&nbsp;📤 Salida:  1la<br/>
&nbsp;&nbsp;&nbsp;🔍 Verificación: entrada=1la <--> salida=1la<br/>
&nbsp;&nbsp;&nbsp;✓ Verificación exitosa<br/>
&nbsp;&nbsp;&nbsp;⌨️  Presionando tecla: e (data-note: 1a)<br/>
&nbsp;&nbsp;&nbsp;⏱️  Manteniendo presionada por 300ms<br/>
&nbsp;&nbsp;&nbsp;🔓 Tecla liberada<br/>
&nbsp;&nbsp;&nbsp;⏸️  Pausa entre notas: 500ms<br/>
<br/>
🎹 Nota #30/30<br/>
&nbsp;&nbsp;&nbsp;📥 Entrada: 1la<br/>
&nbsp;&nbsp;&nbsp;📤 Salida:  1la<br/>
&nbsp;&nbsp;&nbsp;🔍 Verificación: entrada=1la <--> salida=1la<br/>
&nbsp;&nbsp;&nbsp;✓ Verificación exitosa<br/>
&nbsp;&nbsp;&nbsp;⌨️  Presionando tecla: e (data-note: 1a)<br/>
&nbsp;&nbsp;&nbsp;⏱️  Manteniendo presionada por 300ms<br/>
&nbsp;&nbsp;&nbsp;🔓 Tecla liberada<br/>
&nbsp;&nbsp;&nbsp;⏸️  Pausa entre notas: 500ms<br/>
<br/>
<br/>
═══════════════════════════════════════════════════<br/>
✅ Reproducción completada exitosamente<br/>]]>
    </system-out>
  </testcase> <!-- test2 -->
  <testcase classname="com.pdcj.VirtualPianoTest" name="test3" time="56.039">
    <system-out>
      <![CDATA[🎵 Iniciando reproducción de canción con 47 notas<br/>
📝 Secuencia: 1si,1si,2do,2re,2re,2do,1si,1la,1sol,1sol,1la,1si,1la,1sol,1sol,1la,1si,1sol,1la,1si,2do,1si,1sol,1la,1si,2do,1si,1sol,1sol,1la,2re,,1si,1si,2do,2re,2re,2do,1si,1la,1sol,1sol,1la,1si,1si,1la,1la<br/>
═══════════════════════════════════════════════════<br/>
<br/>
🎹 Nota #1/47<br/>
&nbsp;&nbsp;&nbsp;📥 Entrada: 1si<br/>
&nbsp;&nbsp;&nbsp;📤 Salida:  1si<br/>
&nbsp;&nbsp;&nbsp;🔍 Verificación: entrada=1si <--> salida=1si<br/>
&nbsp;&nbsp;&nbsp;✓ Verificación exitosa<br/>
&nbsp;&nbsp;&nbsp;⌨️  Presionando tecla: r (data-note: 1b)<br/>
&nbsp;&nbsp;&nbsp;⏱️  Manteniendo presionada por 300ms<br/>
&nbsp;&nbsp;&nbsp;🔓 Tecla liberada<br/>
&nbsp;&nbsp;&nbsp;⏸️  Pausa entre notas: 500ms<br/>
<br/>
🎹 Nota #2/47<br/>
&nbsp;&nbsp;&nbsp;📥 Entrada: 1si<br/>
&nbsp;&nbsp;&nbsp;📤 Salida:  1si<br/>
&nbsp;&nbsp;&nbsp;🔍 Verificación: entrada=1si <--> salida=1si<br/>
&nbsp;&nbsp;&nbsp;✓ Verificación exitosa<br/>
&nbsp;&nbsp;&nbsp;⌨️  Presionando tecla: r (data-note: 1b)<br/>
&nbsp;&nbsp;&nbsp;⏱️  Manteniendo presionada por 300ms<br/>
&nbsp;&nbsp;&nbsp;🔓 Tecla liberada<br/>
&nbsp;&nbsp;&nbsp;⏸️  Pausa entre notas: 500ms<br/>
<br/>
🎹 Nota #3/47<br/>
&nbsp;&nbsp;&nbsp;📥 Entrada: 2do<br/>
&nbsp;&nbsp;&nbsp;📤 Salida:  2do<br/>
&nbsp;&nbsp;&nbsp;🔍 Verificación: entrada=2do <--> salida=2do<br/>
&nbsp;&nbsp;&nbsp;✓ Verificación exitosa<br/>
&nbsp;&nbsp;&nbsp;⌨️  Presionando tecla: t (data-note: 2c)<br/>
&nbsp;&nbsp;&nbsp;⏱️  Manteniendo presionada por 300ms<br/>
&nbsp;&nbsp;&nbsp;🔓 Tecla liberada<br/>
&nbsp;&nbsp;&nbsp;⏸️  Pausa entre notas: 500ms<br/>
<br/>
🎹 Nota #4/47<br/>
&nbsp;&nbsp;&nbsp;📥 Entrada: 2re<br/>
&nbsp;&nbsp;&nbsp;📤 Salida:  2re<br/>
&nbsp;&nbsp;&nbsp;🔍 Verificación: entrada=2re <--> salida=2re<br/>
&nbsp;&nbsp;&nbsp;✓ Verificación exitosa<br/>
&nbsp;&nbsp;&nbsp;⌨️  Presionando tecla: y (data-note: 2d)<br/>
&nbsp;&nbsp;&nbsp;⏱️  Manteniendo presionada por 300ms<br/>
&nbsp;&nbsp;&nbsp;🔓 Tecla liberada<br/>
&nbsp;&nbsp;&nbsp;⏸️  Pausa entre notas: 500ms<br/>
<br/>
🎹 Nota #5/47<br/>
&nbsp;&nbsp;&nbsp;📥 Entrada: 2re<br/>
&nbsp;&nbsp;&nbsp;📤 Salida:  2re<br/>
&nbsp;&nbsp;&nbsp;🔍 Verificación: entrada=2re <--> salida=2re<br/>
&nbsp;&nbsp;&nbsp;✓ Verificación exitosa<br/>
&nbsp;&nbsp;&nbsp;⌨️  Presionando tecla: y (data-note: 2d)<br/>
&nbsp;&nbsp;&nbsp;⏱️  Manteniendo presionada por 300ms<br/>
&nbsp;&nbsp;&nbsp;🔓 Tecla liberada<br/>
&nbsp;&nbsp;&nbsp;⏸️  Pausa entre notas: 500ms<br/>
<br/>
🎹 Nota #6/47<br/>
&nbsp;&nbsp;&nbsp;📥 Entrada: 2do<br/>
&nbsp;&nbsp;&nbsp;📤 Salida:  2do<br/>
&nbsp;&nbsp;&nbsp;🔍 Verificación: entrada=2do <--> salida=2do<br/>
&nbsp;&nbsp;&nbsp;✓ Verificación exitosa<br/>
&nbsp;&nbsp;&nbsp;⌨️  Presionando tecla: t (data-note: 2c)<br/>
&nbsp;&nbsp;&nbsp;⏱️  Manteniendo presionada por 300ms<br/>
&nbsp;&nbsp;&nbsp;🔓 Tecla liberada<br/>
&nbsp;&nbsp;&nbsp;⏸️  Pausa entre notas: 500ms<br/>
<br/>
🎹 Nota #7/47<br/>
&nbsp;&nbsp;&nbsp;📥 Entrada: 1si<br/>
&nbsp;&nbsp;&nbsp;📤 Salida:  1si<br/>
&nbsp;&nbsp;&nbsp;🔍 Verificación: entrada=1si <--> salida=1si<br/>
&nbsp;&nbsp;&nbsp;✓ Verificación exitosa<br/>
&nbsp;&nbsp;&nbsp;⌨️  Presionando tecla: r (data-note: 1b)<br/>
&nbsp;&nbsp;&nbsp;⏱️  Manteniendo presionada por 300ms<br/>
&nbsp;&nbsp;&nbsp;🔓 Tecla liberada<br/>
&nbsp;&nbsp;&nbsp;⏸️  Pausa entre notas: 500ms<br/>
<br/>
🎹 Nota #8/47<br/>
&nbsp;&nbsp;&nbsp;📥 Entrada: 1la<br/>
&nbsp;&nbsp;&nbsp;📤 Salida:  1la<br/>
&nbsp;&nbsp;&nbsp;🔍 Verificación: entrada=1la <--> salida=1la<br/>
&nbsp;&nbsp;&nbsp;✓ Verificación exitosa<br/>
&nbsp;&nbsp;&nbsp;⌨️  Presionando tecla: e (data-note: 1a)<br/>
&nbsp;&nbsp;&nbsp;⏱️  Manteniendo presionada por 300ms<br/>
&nbsp;&nbsp;&nbsp;🔓 Tecla liberada<br/>
&nbsp;&nbsp;&nbsp;⏸️  Pausa entre notas: 500ms<br/>
<br/>
🎹 Nota #9/47<br/>
&nbsp;&nbsp;&nbsp;📥 Entrada: 1sol<br/>
&nbsp;&nbsp;&nbsp;📤 Salida:  1sol<br/>
&nbsp;&nbsp;&nbsp;🔍 Verificación: entrada=1sol <--> salida=1sol<br/>
&nbsp;&nbsp;&nbsp;✓ Verificación exitosa<br/>
&nbsp;&nbsp;&nbsp;⌨️  Presionando tecla: w (data-note: 1g)<br/>
&nbsp;&nbsp;&nbsp;⏱️  Manteniendo presionada por 300ms<br/>
&nbsp;&nbsp;&nbsp;🔓 Tecla liberada<br/>
&nbsp;&nbsp;&nbsp;⏸️  Pausa entre notas: 500ms<br/>
<br/>
🎹 Nota #10/47<br/>
&nbsp;&nbsp;&nbsp;📥 Entrada: 1sol<br/>
&nbsp;&nbsp;&nbsp;📤 Salida:  1sol<br/>
&nbsp;&nbsp;&nbsp;🔍 Verificación: entrada=1sol <--> salida=1sol<br/>
&nbsp;&nbsp;&nbsp;✓ Verificación exitosa<br/>
&nbsp;&nbsp;&nbsp;⌨️  Presionando tecla: w (data-note: 1g)<br/>
&nbsp;&nbsp;&nbsp;⏱️  Manteniendo presionada por 300ms<br/>
&nbsp;&nbsp;&nbsp;🔓 Tecla liberada<br/>
&nbsp;&nbsp;&nbsp;⏸️  Pausa entre notas: 500ms<br/>
<br/>
🎹 Nota #11/47<br/>
&nbsp;&nbsp;&nbsp;📥 Entrada: 1la<br/>
&nbsp;&nbsp;&nbsp;📤 Salida:  1la<br/>
&nbsp;&nbsp;&nbsp;🔍 Verificación: entrada=1la <--> salida=1la<br/>
&nbsp;&nbsp;&nbsp;✓ Verificación exitosa<br/>
&nbsp;&nbsp;&nbsp;⌨️  Presionando tecla: e (data-note: 1a)<br/>
&nbsp;&nbsp;&nbsp;⏱️  Manteniendo presionada por 300ms<br/>
&nbsp;&nbsp;&nbsp;🔓 Tecla liberada<br/>
&nbsp;&nbsp;&nbsp;⏸️  Pausa entre notas: 500ms<br/>
<br/>
🎹 Nota #12/47<br/>
&nbsp;&nbsp;&nbsp;📥 Entrada: 1si<br/>
&nbsp;&nbsp;&nbsp;📤 Salida:  1si<br/>
&nbsp;&nbsp;&nbsp;🔍 Verificación: entrada=1si <--> salida=1si<br/>
&nbsp;&nbsp;&nbsp;✓ Verificación exitosa<br/>
&nbsp;&nbsp;&nbsp;⌨️  Presionando tecla: r (data-note: 1b)<br/>
&nbsp;&nbsp;&nbsp;⏱️  Manteniendo presionada por 300ms<br/>
&nbsp;&nbsp;&nbsp;🔓 Tecla liberada<br/>
&nbsp;&nbsp;&nbsp;⏸️  Pausa entre notas: 500ms<br/>
<br/>
🎹 Nota #13/47<br/>
&nbsp;&nbsp;&nbsp;📥 Entrada: 1la<br/>
&nbsp;&nbsp;&nbsp;📤 Salida:  1la<br/>
&nbsp;&nbsp;&nbsp;🔍 Verificación: entrada=1la <--> salida=1la<br/>
&nbsp;&nbsp;&nbsp;✓ Verificación exitosa<br/>
&nbsp;&nbsp;&nbsp;⌨️  Presionando tecla: e (data-note: 1a)<br/>
&nbsp;&nbsp;&nbsp;⏱️  Manteniendo presionada por 300ms<br/>
&nbsp;&nbsp;&nbsp;🔓 Tecla liberada<br/>
&nbsp;&nbsp;&nbsp;⏸️  Pausa entre notas: 500ms<br/>
<br/>
🎹 Nota #14/47<br/>
&nbsp;&nbsp;&nbsp;📥 Entrada: 1sol<br/>
&nbsp;&nbsp;&nbsp;📤 Salida:  1sol<br/>
&nbsp;&nbsp;&nbsp;🔍 Verificación: entrada=1sol <--> salida=1sol<br/>
&nbsp;&nbsp;&nbsp;✓ Verificación exitosa<br/>
&nbsp;&nbsp;&nbsp;⌨️  Presionando tecla: w (data-note: 1g)<br/>
&nbsp;&nbsp;&nbsp;⏱️  Manteniendo presionada por 300ms<br/>
&nbsp;&nbsp;&nbsp;🔓 Tecla liberada<br/>
&nbsp;&nbsp;&nbsp;⏸️  Pausa entre notas: 500ms<br/>
<br/>
🎹 Nota #15/47<br/>
&nbsp;&nbsp;&nbsp;📥 Entrada: 1sol<br/>
&nbsp;&nbsp;&nbsp;📤 Salida:  1sol<br/>
&nbsp;&nbsp;&nbsp;🔍 Verificación: entrada=1sol <--> salida=1sol<br/>
&nbsp;&nbsp;&nbsp;✓ Verificación exitosa<br/>
&nbsp;&nbsp;&nbsp;⌨️  Presionando tecla: w (data-note: 1g)<br/>
&nbsp;&nbsp;&nbsp;⏱️  Manteniendo presionada por 300ms<br/>
&nbsp;&nbsp;&nbsp;🔓 Tecla liberada<br/>
&nbsp;&nbsp;&nbsp;⏸️  Pausa entre notas: 500ms<br/>
<br/>
🎹 Nota #16/47<br/>
&nbsp;&nbsp;&nbsp;📥 Entrada: 1la<br/>
&nbsp;&nbsp;&nbsp;📤 Salida:  1la<br/>
&nbsp;&nbsp;&nbsp;🔍 Verificación: entrada=1la <--> salida=1la<br/>
&nbsp;&nbsp;&nbsp;✓ Verificación exitosa<br/>
&nbsp;&nbsp;&nbsp;⌨️  Presionando tecla: e (data-note: 1a)<br/>
&nbsp;&nbsp;&nbsp;⏱️  Manteniendo presionada por 300ms<br/>
&nbsp;&nbsp;&nbsp;🔓 Tecla liberada<br/>
&nbsp;&nbsp;&nbsp;⏸️  Pausa entre notas: 500ms<br/>
<br/>
🎹 Nota #17/47<br/>
&nbsp;&nbsp;&nbsp;📥 Entrada: 1si<br/>
&nbsp;&nbsp;&nbsp;📤 Salida:  1si<br/>
&nbsp;&nbsp;&nbsp;🔍 Verificación: entrada=1si <--> salida=1si<br/>
&nbsp;&nbsp;&nbsp;✓ Verificación exitosa<br/>
&nbsp;&nbsp;&nbsp;⌨️  Presionando tecla: r (data-note: 1b)<br/>
&nbsp;&nbsp;&nbsp;⏱️  Manteniendo presionada por 300ms<br/>
&nbsp;&nbsp;&nbsp;🔓 Tecla liberada<br/>
&nbsp;&nbsp;&nbsp;⏸️  Pausa entre notas: 500ms<br/>
<br/>
🎹 Nota #18/47<br/>
&nbsp;&nbsp;&nbsp;📥 Entrada: 1sol<br/>
&nbsp;&nbsp;&nbsp;📤 Salida:  1sol<br/>
&nbsp;&nbsp;&nbsp;🔍 Verificación: entrada=1sol <--> salida=1sol<br/>
&nbsp;&nbsp;&nbsp;✓ Verificación exitosa<br/>
&nbsp;&nbsp;&nbsp;⌨️  Presionando tecla: w (data-note: 1g)<br/>
&nbsp;&nbsp;&nbsp;⏱️  Manteniendo presionada por 300ms<br/>
&nbsp;&nbsp;&nbsp;🔓 Tecla liberada<br/>
&nbsp;&nbsp;&nbsp;⏸️  Pausa entre notas: 500ms<br/>
<br/>
🎹 Nota #19/47<br/>
&nbsp;&nbsp;&nbsp;📥 Entrada: 1la<br/>
&nbsp;&nbsp;&nbsp;📤 Salida:  1la<br/>
&nbsp;&nbsp;&nbsp;🔍 Verificación: entrada=1la <--> salida=1la<br/>
&nbsp;&nbsp;&nbsp;✓ Verificación exitosa<br/>
&nbsp;&nbsp;&nbsp;⌨️  Presionando tecla: e (data-note: 1a)<br/>
&nbsp;&nbsp;&nbsp;⏱️  Manteniendo presionada por 300ms<br/>
&nbsp;&nbsp;&nbsp;🔓 Tecla liberada<br/>
&nbsp;&nbsp;&nbsp;⏸️  Pausa entre notas: 500ms<br/>
<br/>
🎹 Nota #20/47<br/>
&nbsp;&nbsp;&nbsp;📥 Entrada: 1si<br/>
&nbsp;&nbsp;&nbsp;📤 Salida:  1si<br/>
&nbsp;&nbsp;&nbsp;🔍 Verificación: entrada=1si <--> salida=1si<br/>
&nbsp;&nbsp;&nbsp;✓ Verificación exitosa<br/>
&nbsp;&nbsp;&nbsp;⌨️  Presionando tecla: r (data-note: 1b)<br/>
&nbsp;&nbsp;&nbsp;⏱️  Manteniendo presionada por 300ms<br/>
&nbsp;&nbsp;&nbsp;🔓 Tecla liberada<br/>
&nbsp;&nbsp;&nbsp;⏸️  Pausa entre notas: 500ms<br/>
<br/>
🎹 Nota #21/47<br/>
&nbsp;&nbsp;&nbsp;📥 Entrada: 2do<br/>
&nbsp;&nbsp;&nbsp;📤 Salida:  2do<br/>
&nbsp;&nbsp;&nbsp;🔍 Verificación: entrada=2do <--> salida=2do<br/>
&nbsp;&nbsp;&nbsp;✓ Verificación exitosa<br/>
&nbsp;&nbsp;&nbsp;⌨️  Presionando tecla: t (data-note: 2c)<br/>
&nbsp;&nbsp;&nbsp;⏱️  Manteniendo presionada por 300ms<br/>
&nbsp;&nbsp;&nbsp;🔓 Tecla liberada<br/>
&nbsp;&nbsp;&nbsp;⏸️  Pausa entre notas: 500ms<br/>
<br/>
🎹 Nota #22/47<br/>
&nbsp;&nbsp;&nbsp;📥 Entrada: 1si<br/>
&nbsp;&nbsp;&nbsp;📤 Salida:  1si<br/>
&nbsp;&nbsp;&nbsp;🔍 Verificación: entrada=1si <--> salida=1si<br/>
&nbsp;&nbsp;&nbsp;✓ Verificación exitosa<br/>
&nbsp;&nbsp;&nbsp;⌨️  Presionando tecla: r (data-note: 1b)<br/>
&nbsp;&nbsp;&nbsp;⏱️  Manteniendo presionada por 300ms<br/>
&nbsp;&nbsp;&nbsp;🔓 Tecla liberada<br/>
&nbsp;&nbsp;&nbsp;⏸️  Pausa entre notas: 500ms<br/>
<br/>
🎹 Nota #23/47<br/>
&nbsp;&nbsp;&nbsp;📥 Entrada: 1sol<br/>
&nbsp;&nbsp;&nbsp;📤 Salida:  1sol<br/>
&nbsp;&nbsp;&nbsp;🔍 Verificación: entrada=1sol <--> salida=1sol<br/>
&nbsp;&nbsp;&nbsp;✓ Verificación exitosa<br/>
&nbsp;&nbsp;&nbsp;⌨️  Presionando tecla: w (data-note: 1g)<br/>
&nbsp;&nbsp;&nbsp;⏱️  Manteniendo presionada por 300ms<br/>
&nbsp;&nbsp;&nbsp;🔓 Tecla liberada<br/>
&nbsp;&nbsp;&nbsp;⏸️  Pausa entre notas: 500ms<br/>
<br/>
🎹 Nota #24/47<br/>
&nbsp;&nbsp;&nbsp;📥 Entrada: 1la<br/>
&nbsp;&nbsp;&nbsp;📤 Salida:  1la<br/>
&nbsp;&nbsp;&nbsp;🔍 Verificación: entrada=1la <--> salida=1la<br/>
&nbsp;&nbsp;&nbsp;✓ Verificación exitosa<br/>
&nbsp;&nbsp;&nbsp;⌨️  Presionando tecla: e (data-note: 1a)<br/>
&nbsp;&nbsp;&nbsp;⏱️  Manteniendo presionada por 300ms<br/>
&nbsp;&nbsp;&nbsp;🔓 Tecla liberada<br/>
&nbsp;&nbsp;&nbsp;⏸️  Pausa entre notas: 500ms<br/>
<br/>
🎹 Nota #25/47<br/>
&nbsp;&nbsp;&nbsp;📥 Entrada: 1si<br/>
&nbsp;&nbsp;&nbsp;📤 Salida:  1si<br/>
&nbsp;&nbsp;&nbsp;🔍 Verificación: entrada=1si <--> salida=1si<br/>
&nbsp;&nbsp;&nbsp;✓ Verificación exitosa<br/>
&nbsp;&nbsp;&nbsp;⌨️  Presionando tecla: r (data-note: 1b)<br/>
&nbsp;&nbsp;&nbsp;⏱️  Manteniendo presionada por 300ms<br/>
&nbsp;&nbsp;&nbsp;🔓 Tecla liberada<br/>
&nbsp;&nbsp;&nbsp;⏸️  Pausa entre notas: 500ms<br/>
<br/>
🎹 Nota #26/47<br/>
&nbsp;&nbsp;&nbsp;📥 Entrada: 2do<br/>
&nbsp;&nbsp;&nbsp;📤 Salida:  2do<br/>
&nbsp;&nbsp;&nbsp;🔍 Verificación: entrada=2do <--> salida=2do<br/>
&nbsp;&nbsp;&nbsp;✓ Verificación exitosa<br/>
&nbsp;&nbsp;&nbsp;⌨️  Presionando tecla: t (data-note: 2c)<br/>
&nbsp;&nbsp;&nbsp;⏱️  Manteniendo presionada por 300ms<br/>
&nbsp;&nbsp;&nbsp;🔓 Tecla liberada<br/>
&nbsp;&nbsp;&nbsp;⏸️  Pausa entre notas: 500ms<br/>
<br/>
🎹 Nota #27/47<br/>
&nbsp;&nbsp;&nbsp;📥 Entrada: 1si<br/>
&nbsp;&nbsp;&nbsp;📤 Salida:  1si<br/>
&nbsp;&nbsp;&nbsp;🔍 Verificación: entrada=1si <--> salida=1si<br/>
&nbsp;&nbsp;&nbsp;✓ Verificación exitosa<br/>
&nbsp;&nbsp;&nbsp;⌨️  Presionando tecla: r (data-note: 1b)<br/>
&nbsp;&nbsp;&nbsp;⏱️  Manteniendo presionada por 300ms<br/>
&nbsp;&nbsp;&nbsp;🔓 Tecla liberada<br/>
&nbsp;&nbsp;&nbsp;⏸️  Pausa entre notas: 500ms<br/>
<br/>
🎹 Nota #28/47<br/>
&nbsp;&nbsp;&nbsp;📥 Entrada: 1sol<br/>
&nbsp;&nbsp;&nbsp;📤 Salida:  1sol<br/>
&nbsp;&nbsp;&nbsp;🔍 Verificación: entrada=1sol <--> salida=1sol<br/>
&nbsp;&nbsp;&nbsp;✓ Verificación exitosa<br/>
&nbsp;&nbsp;&nbsp;⌨️  Presionando tecla: w (data-note: 1g)<br/>
&nbsp;&nbsp;&nbsp;⏱️  Manteniendo presionada por 300ms<br/>
&nbsp;&nbsp;&nbsp;🔓 Tecla liberada<br/>
&nbsp;&nbsp;&nbsp;⏸️  Pausa entre notas: 500ms<br/>
<br/>
🎹 Nota #29/47<br/>
&nbsp;&nbsp;&nbsp;📥 Entrada: 1sol<br/>
&nbsp;&nbsp;&nbsp;📤 Salida:  1sol<br/>
&nbsp;&nbsp;&nbsp;🔍 Verificación: entrada=1sol <--> salida=1sol<br/>
&nbsp;&nbsp;&nbsp;✓ Verificación exitosa<br/>
&nbsp;&nbsp;&nbsp;⌨️  Presionando tecla: w (data-note: 1g)<br/>
&nbsp;&nbsp;&nbsp;⏱️  Manteniendo presionada por 300ms<br/>
&nbsp;&nbsp;&nbsp;🔓 Tecla liberada<br/>
&nbsp;&nbsp;&nbsp;⏸️  Pausa entre notas: 500ms<br/>
<br/>
🎹 Nota #30/47<br/>
&nbsp;&nbsp;&nbsp;📥 Entrada: 1la<br/>
&nbsp;&nbsp;&nbsp;📤 Salida:  1la<br/>
&nbsp;&nbsp;&nbsp;🔍 Verificación: entrada=1la <--> salida=1la<br/>
&nbsp;&nbsp;&nbsp;✓ Verificación exitosa<br/>
&nbsp;&nbsp;&nbsp;⌨️  Presionando tecla: e (data-note: 1a)<br/>
&nbsp;&nbsp;&nbsp;⏱️  Manteniendo presionada por 300ms<br/>
&nbsp;&nbsp;&nbsp;🔓 Tecla liberada<br/>
&nbsp;&nbsp;&nbsp;⏸️  Pausa entre notas: 500ms<br/>
<br/>
🎹 Nota #31/47<br/>
&nbsp;&nbsp;&nbsp;📥 Entrada: 2re<br/>
&nbsp;&nbsp;&nbsp;📤 Salida:  2re<br/>
&nbsp;&nbsp;&nbsp;🔍 Verificación: entrada=2re <--> salida=2re<br/>
&nbsp;&nbsp;&nbsp;✓ Verificación exitosa<br/>
&nbsp;&nbsp;&nbsp;⌨️  Presionando tecla: y (data-note: 2d)<br/>
&nbsp;&nbsp;&nbsp;⏱️  Manteniendo presionada por 300ms<br/>
&nbsp;&nbsp;&nbsp;🔓 Tecla liberada<br/>
&nbsp;&nbsp;&nbsp;⏸️  Pausa entre notas: 500ms<br/>
<br/>
🎹 Nota #32/47<br/>
&nbsp;&nbsp;&nbsp;📥 Entrada: 1si<br/>
&nbsp;&nbsp;&nbsp;📤 Salida:  1si<br/>
&nbsp;&nbsp;&nbsp;🔍 Verificación: entrada=1si <--> salida=1si<br/>
&nbsp;&nbsp;&nbsp;✓ Verificación exitosa<br/>
&nbsp;&nbsp;&nbsp;⌨️  Presionando tecla: r (data-note: 1b)<br/>
&nbsp;&nbsp;&nbsp;⏱️  Manteniendo presionada por 300ms<br/>
&nbsp;&nbsp;&nbsp;🔓 Tecla liberada<br/>
&nbsp;&nbsp;&nbsp;⏸️  Pausa entre notas: 500ms<br/>
<br/>
🎹 Nota #33/47<br/>
&nbsp;&nbsp;&nbsp;📥 Entrada: 1si<br/>
&nbsp;&nbsp;&nbsp;📤 Salida:  1si<br/>
&nbsp;&nbsp;&nbsp;🔍 Verificación: entrada=1si <--> salida=1si<br/>
&nbsp;&nbsp;&nbsp;✓ Verificación exitosa<br/>
&nbsp;&nbsp;&nbsp;⌨️  Presionando tecla: r (data-note: 1b)<br/>
&nbsp;&nbsp;&nbsp;⏱️  Manteniendo presionada por 300ms<br/>
&nbsp;&nbsp;&nbsp;🔓 Tecla liberada<br/>
&nbsp;&nbsp;&nbsp;⏸️  Pausa entre notas: 500ms<br/>
<br/>
🎹 Nota #34/47<br/>
&nbsp;&nbsp;&nbsp;📥 Entrada: 2do<br/>
&nbsp;&nbsp;&nbsp;📤 Salida:  2do<br/>
&nbsp;&nbsp;&nbsp;🔍 Verificación: entrada=2do <--> salida=2do<br/>
&nbsp;&nbsp;&nbsp;✓ Verificación exitosa<br/>
&nbsp;&nbsp;&nbsp;⌨️  Presionando tecla: t (data-note: 2c)<br/>
&nbsp;&nbsp;&nbsp;⏱️  Manteniendo presionada por 300ms<br/>
&nbsp;&nbsp;&nbsp;🔓 Tecla liberada<br/>
&nbsp;&nbsp;&nbsp;⏸️  Pausa entre notas: 500ms<br/>
<br/>
🎹 Nota #35/47<br/>
&nbsp;&nbsp;&nbsp;📥 Entrada: 2re<br/>
&nbsp;&nbsp;&nbsp;📤 Salida:  2re<br/>
&nbsp;&nbsp;&nbsp;🔍 Verificación: entrada=2re <--> salida=2re<br/>
&nbsp;&nbsp;&nbsp;✓ Verificación exitosa<br/>
&nbsp;&nbsp;&nbsp;⌨️  Presionando tecla: y (data-note: 2d)<br/>
&nbsp;&nbsp;&nbsp;⏱️  Manteniendo presionada por 300ms<br/>
&nbsp;&nbsp;&nbsp;🔓 Tecla liberada<br/>
&nbsp;&nbsp;&nbsp;⏸️  Pausa entre notas: 500ms<br/>
<br/>
🎹 Nota #36/47<br/>
&nbsp;&nbsp;&nbsp;📥 Entrada: 2re<br/>
&nbsp;&nbsp;&nbsp;📤 Salida:  2re<br/>
&nbsp;&nbsp;&nbsp;🔍 Verificación: entrada=2re <--> salida=2re<br/>
&nbsp;&nbsp;&nbsp;✓ Verificación exitosa<br/>
&nbsp;&nbsp;&nbsp;⌨️  Presionando tecla: y (data-note: 2d)<br/>
&nbsp;&nbsp;&nbsp;⏱️  Manteniendo presionada por 300ms<br/>
&nbsp;&nbsp;&nbsp;🔓 Tecla liberada<br/>
&nbsp;&nbsp;&nbsp;⏸️  Pausa entre notas: 500ms<br/>
<br/>
🎹 Nota #37/47<br/>
&nbsp;&nbsp;&nbsp;📥 Entrada: 2do<br/>
&nbsp;&nbsp;&nbsp;📤 Salida:  2do<br/>
&nbsp;&nbsp;&nbsp;🔍 Verificación: entrada=2do <--> salida=2do<br/>
&nbsp;&nbsp;&nbsp;✓ Verificación exitosa<br/>
&nbsp;&nbsp;&nbsp;⌨️  Presionando tecla: t (data-note: 2c)<br/>
&nbsp;&nbsp;&nbsp;⏱️  Manteniendo presionada por 300ms<br/>
&nbsp;&nbsp;&nbsp;🔓 Tecla liberada<br/>
&nbsp;&nbsp;&nbsp;⏸️  Pausa entre notas: 500ms<br/>
<br/>
🎹 Nota #38/47<br/>
&nbsp;&nbsp;&nbsp;📥 Entrada: 1si<br/>
&nbsp;&nbsp;&nbsp;📤 Salida:  1si<br/>
&nbsp;&nbsp;&nbsp;🔍 Verificación: entrada=1si <--> salida=1si<br/>
&nbsp;&nbsp;&nbsp;✓ Verificación exitosa<br/>
&nbsp;&nbsp;&nbsp;⌨️  Presionando tecla: r (data-note: 1b)<br/>
&nbsp;&nbsp;&nbsp;⏱️  Manteniendo presionada por 300ms<br/>
&nbsp;&nbsp;&nbsp;🔓 Tecla liberada<br/>
&nbsp;&nbsp;&nbsp;⏸️  Pausa entre notas: 500ms<br/>
<br/>
🎹 Nota #39/47<br/>
&nbsp;&nbsp;&nbsp;📥 Entrada: 1la<br/>
&nbsp;&nbsp;&nbsp;📤 Salida:  1la<br/>
&nbsp;&nbsp;&nbsp;🔍 Verificación: entrada=1la <--> salida=1la<br/>
&nbsp;&nbsp;&nbsp;✓ Verificación exitosa<br/>
&nbsp;&nbsp;&nbsp;⌨️  Presionando tecla: e (data-note: 1a)<br/>
&nbsp;&nbsp;&nbsp;⏱️  Manteniendo presionada por 300ms<br/>
&nbsp;&nbsp;&nbsp;🔓 Tecla liberada<br/>
&nbsp;&nbsp;&nbsp;⏸️  Pausa entre notas: 500ms<br/>
<br/>
🎹 Nota #40/47<br/>
&nbsp;&nbsp;&nbsp;📥 Entrada: 1sol<br/>
&nbsp;&nbsp;&nbsp;📤 Salida:  1sol<br/>
&nbsp;&nbsp;&nbsp;🔍 Verificación: entrada=1sol <--> salida=1sol<br/>
&nbsp;&nbsp;&nbsp;✓ Verificación exitosa<br/>
&nbsp;&nbsp;&nbsp;⌨️  Presionando tecla: w (data-note: 1g)<br/>
&nbsp;&nbsp;&nbsp;⏱️  Manteniendo presionada por 300ms<br/>
&nbsp;&nbsp;&nbsp;🔓 Tecla liberada<br/>
&nbsp;&nbsp;&nbsp;⏸️  Pausa entre notas: 500ms<br/>
<br/>
🎹 Nota #41/47<br/>
&nbsp;&nbsp;&nbsp;📥 Entrada: 1sol<br/>
&nbsp;&nbsp;&nbsp;📤 Salida:  1sol<br/>
&nbsp;&nbsp;&nbsp;🔍 Verificación: entrada=1sol <--> salida=1sol<br/>
&nbsp;&nbsp;&nbsp;✓ Verificación exitosa<br/>
&nbsp;&nbsp;&nbsp;⌨️  Presionando tecla: w (data-note: 1g)<br/>
&nbsp;&nbsp;&nbsp;⏱️  Manteniendo presionada por 300ms<br/>
&nbsp;&nbsp;&nbsp;🔓 Tecla liberada<br/>
&nbsp;&nbsp;&nbsp;⏸️  Pausa entre notas: 500ms<br/>
<br/>
🎹 Nota #42/47<br/>
&nbsp;&nbsp;&nbsp;📥 Entrada: 1la<br/>
&nbsp;&nbsp;&nbsp;📤 Salida:  1la<br/>
&nbsp;&nbsp;&nbsp;🔍 Verificación: entrada=1la <--> salida=1la<br/>
&nbsp;&nbsp;&nbsp;✓ Verificación exitosa<br/>
&nbsp;&nbsp;&nbsp;⌨️  Presionando tecla: e (data-note: 1a)<br/>
&nbsp;&nbsp;&nbsp;⏱️  Manteniendo presionada por 300ms<br/>
&nbsp;&nbsp;&nbsp;🔓 Tecla liberada<br/>
&nbsp;&nbsp;&nbsp;⏸️  Pausa entre notas: 500ms<br/>
<br/>
🎹 Nota #43/47<br/>
&nbsp;&nbsp;&nbsp;📥 Entrada: 1si<br/>
&nbsp;&nbsp;&nbsp;📤 Salida:  1si<br/>
&nbsp;&nbsp;&nbsp;🔍 Verificación: entrada=1si <--> salida=1si<br/>
&nbsp;&nbsp;&nbsp;✓ Verificación exitosa<br/>
&nbsp;&nbsp;&nbsp;⌨️  Presionando tecla: r (data-note: 1b)<br/>
&nbsp;&nbsp;&nbsp;⏱️  Manteniendo presionada por 300ms<br/>
&nbsp;&nbsp;&nbsp;🔓 Tecla liberada<br/>
&nbsp;&nbsp;&nbsp;⏸️  Pausa entre notas: 500ms<br/>
<br/>
🎹 Nota #44/47<br/>
&nbsp;&nbsp;&nbsp;📥 Entrada: 1si<br/>
&nbsp;&nbsp;&nbsp;📤 Salida:  1si<br/>
&nbsp;&nbsp;&nbsp;🔍 Verificación: entrada=1si <--> salida=1si<br/>
&nbsp;&nbsp;&nbsp;✓ Verificación exitosa<br/>
&nbsp;&nbsp;&nbsp;⌨️  Presionando tecla: r (data-note: 1b)<br/>
&nbsp;&nbsp;&nbsp;⏱️  Manteniendo presionada por 300ms<br/>
&nbsp;&nbsp;&nbsp;🔓 Tecla liberada<br/>
&nbsp;&nbsp;&nbsp;⏸️  Pausa entre notas: 500ms<br/>
<br/>
🎹 Nota #45/47<br/>
&nbsp;&nbsp;&nbsp;📥 Entrada: 1la<br/>
&nbsp;&nbsp;&nbsp;📤 Salida:  1la<br/>
&nbsp;&nbsp;&nbsp;🔍 Verificación: entrada=1la <--> salida=1la<br/>
&nbsp;&nbsp;&nbsp;✓ Verificación exitosa<br/>
&nbsp;&nbsp;&nbsp;⌨️  Presionando tecla: e (data-note: 1a)<br/>
&nbsp;&nbsp;&nbsp;⏱️  Manteniendo presionada por 300ms<br/>
&nbsp;&nbsp;&nbsp;🔓 Tecla liberada<br/>
&nbsp;&nbsp;&nbsp;⏸️  Pausa entre notas: 500ms<br/>
<br/>
🎹 Nota #46/47<br/>
&nbsp;&nbsp;&nbsp;📥 Entrada: 1la<br/>
&nbsp;&nbsp;&nbsp;📤 Salida:  1la<br/>
&nbsp;&nbsp;&nbsp;🔍 Verificación: entrada=1la <--> salida=1la<br/>
&nbsp;&nbsp;&nbsp;✓ Verificación exitosa<br/>
&nbsp;&nbsp;&nbsp;⌨️  Presionando tecla: e (data-note: 1a)<br/>
&nbsp;&nbsp;&nbsp;⏱️  Manteniendo presionada por 300ms<br/>
&nbsp;&nbsp;&nbsp;🔓 Tecla liberada<br/>
&nbsp;&nbsp;&nbsp;⏸️  Pausa entre notas: 500ms<br/>
<br/>
<br/>
═══════════════════════════════════════════════════<br/>
✅ Reproducción completada exitosamente<br/>]]>
    </system-out>
  </testcase> <!-- test3 -->
  <system-out>
    <![CDATA[🎵 Iniciando reproducción de canción con 15 notas<br/>
📝 Secuencia: 1si,1si,2do,2re,2re,2do,1si,1la,1sol,1sol,1la,1si,1si,1la,1la<br/>
═══════════════════════════════════════════════════<br/>
<br/>
🎹 Nota #1/15<br/>
&nbsp;&nbsp;&nbsp;📥 Entrada: 1si<br/>
&nbsp;&nbsp;&nbsp;📤 Salida:  1si<br/>
&nbsp;&nbsp;&nbsp;🔍 Verificación: entrada=1si <--> salida=1si<br/>
&nbsp;&nbsp;&nbsp;✓ Verificación exitosa<br/>
&nbsp;&nbsp;&nbsp;⌨️  Presionando tecla: r (data-note: 1b)<br/>
&nbsp;&nbsp;&nbsp;⏱️  Manteniendo presionada por 300ms<br/>
&nbsp;&nbsp;&nbsp;🔓 Tecla liberada<br/>
&nbsp;&nbsp;&nbsp;⏸️  Pausa entre notas: 500ms<br/>
<br/>
🎹 Nota #2/15<br/>
&nbsp;&nbsp;&nbsp;📥 Entrada: 1si<br/>
&nbsp;&nbsp;&nbsp;📤 Salida:  1si<br/>
&nbsp;&nbsp;&nbsp;🔍 Verificación: entrada=1si <--> salida=1si<br/>
&nbsp;&nbsp;&nbsp;✓ Verificación exitosa<br/>
&nbsp;&nbsp;&nbsp;⌨️  Presionando tecla: r (data-note: 1b)<br/>
&nbsp;&nbsp;&nbsp;⏱️  Manteniendo presionada por 300ms<br/>
&nbsp;&nbsp;&nbsp;🔓 Tecla liberada<br/>
&nbsp;&nbsp;&nbsp;⏸️  Pausa entre notas: 500ms<br/>
<br/>
🎹 Nota #3/15<br/>
&nbsp;&nbsp;&nbsp;📥 Entrada: 2do<br/>
&nbsp;&nbsp;&nbsp;📤 Salida:  2do<br/>
&nbsp;&nbsp;&nbsp;🔍 Verificación: entrada=2do <--> salida=2do<br/>
&nbsp;&nbsp;&nbsp;✓ Verificación exitosa<br/>
&nbsp;&nbsp;&nbsp;⌨️  Presionando tecla: t (data-note: 2c)<br/>
&nbsp;&nbsp;&nbsp;⏱️  Manteniendo presionada por 300ms<br/>
&nbsp;&nbsp;&nbsp;🔓 Tecla liberada<br/>
&nbsp;&nbsp;&nbsp;⏸️  Pausa entre notas: 500ms<br/>
<br/>
🎹 Nota #4/15<br/>
&nbsp;&nbsp;&nbsp;📥 Entrada: 2re<br/>
&nbsp;&nbsp;&nbsp;📤 Salida:  2re<br/>
&nbsp;&nbsp;&nbsp;🔍 Verificación: entrada=2re <--> salida=2re<br/>
&nbsp;&nbsp;&nbsp;✓ Verificación exitosa<br/>
&nbsp;&nbsp;&nbsp;⌨️  Presionando tecla: y (data-note: 2d)<br/>
&nbsp;&nbsp;&nbsp;⏱️  Manteniendo presionada por 300ms<br/>
&nbsp;&nbsp;&nbsp;🔓 Tecla liberada<br/>
&nbsp;&nbsp;&nbsp;⏸️  Pausa entre notas: 500ms<br/>
<br/>
🎹 Nota #5/15<br/>
&nbsp;&nbsp;&nbsp;📥 Entrada: 2re<br/>
&nbsp;&nbsp;&nbsp;📤 Salida:  2re<br/>
&nbsp;&nbsp;&nbsp;🔍 Verificación: entrada=2re <--> salida=2re<br/>
&nbsp;&nbsp;&nbsp;✓ Verificación exitosa<br/>
&nbsp;&nbsp;&nbsp;⌨️  Presionando tecla: y (data-note: 2d)<br/>
&nbsp;&nbsp;&nbsp;⏱️  Manteniendo presionada por 300ms<br/>
&nbsp;&nbsp;&nbsp;🔓 Tecla liberada<br/>
&nbsp;&nbsp;&nbsp;⏸️  Pausa entre notas: 500ms<br/>
<br/>
🎹 Nota #6/15<br/>
&nbsp;&nbsp;&nbsp;📥 Entrada: 2do<br/>
&nbsp;&nbsp;&nbsp;📤 Salida:  2do<br/>
&nbsp;&nbsp;&nbsp;🔍 Verificación: entrada=2do <--> salida=2do<br/>
&nbsp;&nbsp;&nbsp;✓ Verificación exitosa<br/>
&nbsp;&nbsp;&nbsp;⌨️  Presionando tecla: t (data-note: 2c)<br/>
&nbsp;&nbsp;&nbsp;⏱️  Manteniendo presionada por 300ms<br/>
&nbsp;&nbsp;&nbsp;🔓 Tecla liberada<br/>
&nbsp;&nbsp;&nbsp;⏸️  Pausa entre notas: 500ms<br/>
<br/>
🎹 Nota #7/15<br/>
&nbsp;&nbsp;&nbsp;📥 Entrada: 1si<br/>
&nbsp;&nbsp;&nbsp;📤 Salida:  1si<br/>
&nbsp;&nbsp;&nbsp;🔍 Verificación: entrada=1si <--> salida=1si<br/>
&nbsp;&nbsp;&nbsp;✓ Verificación exitosa<br/>
&nbsp;&nbsp;&nbsp;⌨️  Presionando tecla: r (data-note: 1b)<br/>
&nbsp;&nbsp;&nbsp;⏱️  Manteniendo presionada por 300ms<br/>
&nbsp;&nbsp;&nbsp;🔓 Tecla liberada<br/>
&nbsp;&nbsp;&nbsp;⏸️  Pausa entre notas: 500ms<br/>
<br/>
🎹 Nota #8/15<br/>
&nbsp;&nbsp;&nbsp;📥 Entrada: 1la<br/>
&nbsp;&nbsp;&nbsp;📤 Salida:  1la<br/>
&nbsp;&nbsp;&nbsp;🔍 Verificación: entrada=1la <--> salida=1la<br/>
&nbsp;&nbsp;&nbsp;✓ Verificación exitosa<br/>
&nbsp;&nbsp;&nbsp;⌨️  Presionando tecla: e (data-note: 1a)<br/>
&nbsp;&nbsp;&nbsp;⏱️  Manteniendo presionada por 300ms<br/>
&nbsp;&nbsp;&nbsp;🔓 Tecla liberada<br/>
&nbsp;&nbsp;&nbsp;⏸️  Pausa entre notas: 500ms<br/>
<br/>
🎹 Nota #9/15<br/>
&nbsp;&nbsp;&nbsp;📥 Entrada: 1sol<br/>
&nbsp;&nbsp;&nbsp;📤 Salida:  1sol<br/>
&nbsp;&nbsp;&nbsp;🔍 Verificación: entrada=1sol <--> salida=1sol<br/>
&nbsp;&nbsp;&nbsp;✓ Verificación exitosa<br/>
&nbsp;&nbsp;&nbsp;⌨️  Presionando tecla: w (data-note: 1g)<br/>
&nbsp;&nbsp;&nbsp;⏱️  Manteniendo presionada por 300ms<br/>
&nbsp;&nbsp;&nbsp;🔓 Tecla liberada<br/>
&nbsp;&nbsp;&nbsp;⏸️  Pausa entre notas: 500ms<br/>
<br/>
🎹 Nota #10/15<br/>
&nbsp;&nbsp;&nbsp;📥 Entrada: 1sol<br/>
&nbsp;&nbsp;&nbsp;📤 Salida:  1sol<br/>
&nbsp;&nbsp;&nbsp;🔍 Verificación: entrada=1sol <--> salida=1sol<br/>
&nbsp;&nbsp;&nbsp;✓ Verificación exitosa<br/>
&nbsp;&nbsp;&nbsp;⌨️  Presionando tecla: w (data-note: 1g)<br/>
&nbsp;&nbsp;&nbsp;⏱️  Manteniendo presionada por 300ms<br/>
&nbsp;&nbsp;&nbsp;🔓 Tecla liberada<br/>
&nbsp;&nbsp;&nbsp;⏸️  Pausa entre notas: 500ms<br/>
<br/>
🎹 Nota #11/15<br/>
&nbsp;&nbsp;&nbsp;📥 Entrada: 1la<br/>
&nbsp;&nbsp;&nbsp;📤 Salida:  1la<br/>
&nbsp;&nbsp;&nbsp;🔍 Verificación: entrada=1la <--> salida=1la<br/>
&nbsp;&nbsp;&nbsp;✓ Verificación exitosa<br/>
&nbsp;&nbsp;&nbsp;⌨️  Presionando tecla: e (data-note: 1a)<br/>
&nbsp;&nbsp;&nbsp;⏱️  Manteniendo presionada por 300ms<br/>
&nbsp;&nbsp;&nbsp;🔓 Tecla liberada<br/>
&nbsp;&nbsp;&nbsp;⏸️  Pausa entre notas: 500ms<br/>
<br/>
🎹 Nota #12/15<br/>
&nbsp;&nbsp;&nbsp;📥 Entrada: 1si<br/>
&nbsp;&nbsp;&nbsp;📤 Salida:  1si<br/>
&nbsp;&nbsp;&nbsp;🔍 Verificación: entrada=1si <--> salida=1si<br/>
&nbsp;&nbsp;&nbsp;✓ Verificación exitosa<br/>
&nbsp;&nbsp;&nbsp;⌨️  Presionando tecla: r (data-note: 1b)<br/>
&nbsp;&nbsp;&nbsp;⏱️  Manteniendo presionada por 300ms<br/>
&nbsp;&nbsp;&nbsp;🔓 Tecla liberada<br/>
&nbsp;&nbsp;&nbsp;⏸️  Pausa entre notas: 500ms<br/>
<br/>
🎹 Nota #13/15<br/>
&nbsp;&nbsp;&nbsp;📥 Entrada: 1si<br/>
&nbsp;&nbsp;&nbsp;📤 Salida:  1si<br/>
&nbsp;&nbsp;&nbsp;🔍 Verificación: entrada=1si <--> salida=1si<br/>
&nbsp;&nbsp;&nbsp;✓ Verificación exitosa<br/>
&nbsp;&nbsp;&nbsp;⌨️  Presionando tecla: r (data-note: 1b)<br/>
&nbsp;&nbsp;&nbsp;⏱️  Manteniendo presionada por 300ms<br/>
&nbsp;&nbsp;&nbsp;🔓 Tecla liberada<br/>
&nbsp;&nbsp;&nbsp;⏸️  Pausa entre notas: 500ms<br/>
<br/>
🎹 Nota #14/15<br/>
&nbsp;&nbsp;&nbsp;📥 Entrada: 1la<br/>
&nbsp;&nbsp;&nbsp;📤 Salida:  1la<br/>
&nbsp;&nbsp;&nbsp;🔍 Verificación: entrada=1la <--> salida=1la<br/>
&nbsp;&nbsp;&nbsp;✓ Verificación exitosa<br/>
&nbsp;&nbsp;&nbsp;⌨️  Presionando tecla: e (data-note: 1a)<br/>
&nbsp;&nbsp;&nbsp;⏱️  Manteniendo presionada por 300ms<br/>
&nbsp;&nbsp;&nbsp;🔓 Tecla liberada<br/>
&nbsp;&nbsp;&nbsp;⏸️  Pausa entre notas: 500ms<br/>
<br/>
🎹 Nota #15/15<br/>
&nbsp;&nbsp;&nbsp;📥 Entrada: 1la<br/>
&nbsp;&nbsp;&nbsp;📤 Salida:  1la<br/>
&nbsp;&nbsp;&nbsp;🔍 Verificación: entrada=1la <--> salida=1la<br/>
&nbsp;&nbsp;&nbsp;✓ Verificación exitosa<br/>
&nbsp;&nbsp;&nbsp;⌨️  Presionando tecla: e (data-note: 1a)<br/>
&nbsp;&nbsp;&nbsp;⏱️  Manteniendo presionada por 300ms<br/>
&nbsp;&nbsp;&nbsp;🔓 Tecla liberada<br/>
&nbsp;&nbsp;&nbsp;⏸️  Pausa entre notas: 500ms<br/>
<br/>
<br/>
═══════════════════════════════════════════════════<br/>
✅ Reproducción completada exitosamente<br/>
🎵 Iniciando reproducción de canción con 30 notas<br/>
📝 Secuencia: 1si,1si,2do,2re,2re,2do,1si,1la,1sol,1sol,1la,1si,1si,1la,1la,1si,1si,2do,2re,2re,2do,1si,1la,1sol,1sol,1la,1si,1si,1la,1la<br/>
═══════════════════════════════════════════════════<br/>
<br/>
🎹 Nota #1/30<br/>
&nbsp;&nbsp;&nbsp;📥 Entrada: 1si<br/>
&nbsp;&nbsp;&nbsp;📤 Salida:  1si<br/>
&nbsp;&nbsp;&nbsp;🔍 Verificación: entrada=1si <--> salida=1si<br/>
&nbsp;&nbsp;&nbsp;✓ Verificación exitosa<br/>
&nbsp;&nbsp;&nbsp;⌨️  Presionando tecla: r (data-note: 1b)<br/>
&nbsp;&nbsp;&nbsp;⏱️  Manteniendo presionada por 300ms<br/>
&nbsp;&nbsp;&nbsp;🔓 Tecla liberada<br/>
&nbsp;&nbsp;&nbsp;⏸️  Pausa entre notas: 500ms<br/>
<br/>
🎹 Nota #2/30<br/>
&nbsp;&nbsp;&nbsp;📥 Entrada: 1si<br/>
&nbsp;&nbsp;&nbsp;📤 Salida:  1si<br/>
&nbsp;&nbsp;&nbsp;🔍 Verificación: entrada=1si <--> salida=1si<br/>
&nbsp;&nbsp;&nbsp;✓ Verificación exitosa<br/>
&nbsp;&nbsp;&nbsp;⌨️  Presionando tecla: r (data-note: 1b)<br/>
&nbsp;&nbsp;&nbsp;⏱️  Manteniendo presionada por 300ms<br/>
&nbsp;&nbsp;&nbsp;🔓 Tecla liberada<br/>
&nbsp;&nbsp;&nbsp;⏸️  Pausa entre notas: 500ms<br/>
<br/>
🎹 Nota #3/30<br/>
&nbsp;&nbsp;&nbsp;📥 Entrada: 2do<br/>
&nbsp;&nbsp;&nbsp;📤 Salida:  2do<br/>
&nbsp;&nbsp;&nbsp;🔍 Verificación: entrada=2do <--> salida=2do<br/>
&nbsp;&nbsp;&nbsp;✓ Verificación exitosa<br/>
&nbsp;&nbsp;&nbsp;⌨️  Presionando tecla: t (data-note: 2c)<br/>
&nbsp;&nbsp;&nbsp;⏱️  Manteniendo presionada por 300ms<br/>
&nbsp;&nbsp;&nbsp;🔓 Tecla liberada<br/>
&nbsp;&nbsp;&nbsp;⏸️  Pausa entre notas: 500ms<br/>
<br/>
🎹 Nota #4/30<br/>
&nbsp;&nbsp;&nbsp;📥 Entrada: 2re<br/>
&nbsp;&nbsp;&nbsp;📤 Salida:  2re<br/>
&nbsp;&nbsp;&nbsp;🔍 Verificación: entrada=2re <--> salida=2re<br/>
&nbsp;&nbsp;&nbsp;✓ Verificación exitosa<br/>
&nbsp;&nbsp;&nbsp;⌨️  Presionando tecla: y (data-note: 2d)<br/>
&nbsp;&nbsp;&nbsp;⏱️  Manteniendo presionada por 300ms<br/>
&nbsp;&nbsp;&nbsp;🔓 Tecla liberada<br/>
&nbsp;&nbsp;&nbsp;⏸️  Pausa entre notas: 500ms<br/>
<br/>
🎹 Nota #5/30<br/>
&nbsp;&nbsp;&nbsp;📥 Entrada: 2re<br/>
&nbsp;&nbsp;&nbsp;📤 Salida:  2re<br/>
&nbsp;&nbsp;&nbsp;🔍 Verificación: entrada=2re <--> salida=2re<br/>
&nbsp;&nbsp;&nbsp;✓ Verificación exitosa<br/>
&nbsp;&nbsp;&nbsp;⌨️  Presionando tecla: y (data-note: 2d)<br/>
&nbsp;&nbsp;&nbsp;⏱️  Manteniendo presionada por 300ms<br/>
&nbsp;&nbsp;&nbsp;🔓 Tecla liberada<br/>
&nbsp;&nbsp;&nbsp;⏸️  Pausa entre notas: 500ms<br/>
<br/>
🎹 Nota #6/30<br/>
&nbsp;&nbsp;&nbsp;📥 Entrada: 2do<br/>
&nbsp;&nbsp;&nbsp;📤 Salida:  2do<br/>
&nbsp;&nbsp;&nbsp;🔍 Verificación: entrada=2do <--> salida=2do<br/>
&nbsp;&nbsp;&nbsp;✓ Verificación exitosa<br/>
&nbsp;&nbsp;&nbsp;⌨️  Presionando tecla: t (data-note: 2c)<br/>
&nbsp;&nbsp;&nbsp;⏱️  Manteniendo presionada por 300ms<br/>
&nbsp;&nbsp;&nbsp;🔓 Tecla liberada<br/>
&nbsp;&nbsp;&nbsp;⏸️  Pausa entre notas: 500ms<br/>
<br/>
🎹 Nota #7/30<br/>
&nbsp;&nbsp;&nbsp;📥 Entrada: 1si<br/>
&nbsp;&nbsp;&nbsp;📤 Salida:  1si<br/>
&nbsp;&nbsp;&nbsp;🔍 Verificación: entrada=1si <--> salida=1si<br/>
&nbsp;&nbsp;&nbsp;✓ Verificación exitosa<br/>
&nbsp;&nbsp;&nbsp;⌨️  Presionando tecla: r (data-note: 1b)<br/>
&nbsp;&nbsp;&nbsp;⏱️  Manteniendo presionada por 300ms<br/>
&nbsp;&nbsp;&nbsp;🔓 Tecla liberada<br/>
&nbsp;&nbsp;&nbsp;⏸️  Pausa entre notas: 500ms<br/>
<br/>
🎹 Nota #8/30<br/>
&nbsp;&nbsp;&nbsp;📥 Entrada: 1la<br/>
&nbsp;&nbsp;&nbsp;📤 Salida:  1la<br/>
&nbsp;&nbsp;&nbsp;🔍 Verificación: entrada=1la <--> salida=1la<br/>
&nbsp;&nbsp;&nbsp;✓ Verificación exitosa<br/>
&nbsp;&nbsp;&nbsp;⌨️  Presionando tecla: e (data-note: 1a)<br/>
&nbsp;&nbsp;&nbsp;⏱️  Manteniendo presionada por 300ms<br/>
&nbsp;&nbsp;&nbsp;🔓 Tecla liberada<br/>
&nbsp;&nbsp;&nbsp;⏸️  Pausa entre notas: 500ms<br/>
<br/>
🎹 Nota #9/30<br/>
&nbsp;&nbsp;&nbsp;📥 Entrada: 1sol<br/>
&nbsp;&nbsp;&nbsp;📤 Salida:  1sol<br/>
&nbsp;&nbsp;&nbsp;🔍 Verificación: entrada=1sol <--> salida=1sol<br/>
&nbsp;&nbsp;&nbsp;✓ Verificación exitosa<br/>
&nbsp;&nbsp;&nbsp;⌨️  Presionando tecla: w (data-note: 1g)<br/>
&nbsp;&nbsp;&nbsp;⏱️  Manteniendo presionada por 300ms<br/>
&nbsp;&nbsp;&nbsp;🔓 Tecla liberada<br/>
&nbsp;&nbsp;&nbsp;⏸️  Pausa entre notas: 500ms<br/>
<br/>
🎹 Nota #10/30<br/>
&nbsp;&nbsp;&nbsp;📥 Entrada: 1sol<br/>
&nbsp;&nbsp;&nbsp;📤 Salida:  1sol<br/>
&nbsp;&nbsp;&nbsp;🔍 Verificación: entrada=1sol <--> salida=1sol<br/>
&nbsp;&nbsp;&nbsp;✓ Verificación exitosa<br/>
&nbsp;&nbsp;&nbsp;⌨️  Presionando tecla: w (data-note: 1g)<br/>
&nbsp;&nbsp;&nbsp;⏱️  Manteniendo presionada por 300ms<br/>
&nbsp;&nbsp;&nbsp;🔓 Tecla liberada<br/>
&nbsp;&nbsp;&nbsp;⏸️  Pausa entre notas: 500ms<br/>
<br/>
🎹 Nota #11/30<br/>
&nbsp;&nbsp;&nbsp;📥 Entrada: 1la<br/>
&nbsp;&nbsp;&nbsp;📤 Salida:  1la<br/>
&nbsp;&nbsp;&nbsp;🔍 Verificación: entrada=1la <--> salida=1la<br/>
&nbsp;&nbsp;&nbsp;✓ Verificación exitosa<br/>
&nbsp;&nbsp;&nbsp;⌨️  Presionando tecla: e (data-note: 1a)<br/>
&nbsp;&nbsp;&nbsp;⏱️  Manteniendo presionada por 300ms<br/>
&nbsp;&nbsp;&nbsp;🔓 Tecla liberada<br/>
&nbsp;&nbsp;&nbsp;⏸️  Pausa entre notas: 500ms<br/>
<br/>
🎹 Nota #12/30<br/>
&nbsp;&nbsp;&nbsp;📥 Entrada: 1si<br/>
&nbsp;&nbsp;&nbsp;📤 Salida:  1si<br/>
&nbsp;&nbsp;&nbsp;🔍 Verificación: entrada=1si <--> salida=1si<br/>
&nbsp;&nbsp;&nbsp;✓ Verificación exitosa<br/>
&nbsp;&nbsp;&nbsp;⌨️  Presionando tecla: r (data-note: 1b)<br/>
&nbsp;&nbsp;&nbsp;⏱️  Manteniendo presionada por 300ms<br/>
&nbsp;&nbsp;&nbsp;🔓 Tecla liberada<br/>
&nbsp;&nbsp;&nbsp;⏸️  Pausa entre notas: 500ms<br/>
<br/>
🎹 Nota #13/30<br/>
&nbsp;&nbsp;&nbsp;📥 Entrada: 1si<br/>
&nbsp;&nbsp;&nbsp;📤 Salida:  1si<br/>
&nbsp;&nbsp;&nbsp;🔍 Verificación: entrada=1si <--> salida=1si<br/>
&nbsp;&nbsp;&nbsp;✓ Verificación exitosa<br/>
&nbsp;&nbsp;&nbsp;⌨️  Presionando tecla: r (data-note: 1b)<br/>
&nbsp;&nbsp;&nbsp;⏱️  Manteniendo presionada por 300ms<br/>
&nbsp;&nbsp;&nbsp;🔓 Tecla liberada<br/>
&nbsp;&nbsp;&nbsp;⏸️  Pausa entre notas: 500ms<br/>
<br/>
🎹 Nota #14/30<br/>
&nbsp;&nbsp;&nbsp;📥 Entrada: 1la<br/>
&nbsp;&nbsp;&nbsp;📤 Salida:  1la<br/>
&nbsp;&nbsp;&nbsp;🔍 Verificación: entrada=1la <--> salida=1la<br/>
&nbsp;&nbsp;&nbsp;✓ Verificación exitosa<br/>
&nbsp;&nbsp;&nbsp;⌨️  Presionando tecla: e (data-note: 1a)<br/>
&nbsp;&nbsp;&nbsp;⏱️  Manteniendo presionada por 300ms<br/>
&nbsp;&nbsp;&nbsp;🔓 Tecla liberada<br/>
&nbsp;&nbsp;&nbsp;⏸️  Pausa entre notas: 500ms<br/>
<br/>
🎹 Nota #15/30<br/>
&nbsp;&nbsp;&nbsp;📥 Entrada: 1la<br/>
&nbsp;&nbsp;&nbsp;📤 Salida:  1la<br/>
&nbsp;&nbsp;&nbsp;🔍 Verificación: entrada=1la <--> salida=1la<br/>
&nbsp;&nbsp;&nbsp;✓ Verificación exitosa<br/>
&nbsp;&nbsp;&nbsp;⌨️  Presionando tecla: e (data-note: 1a)<br/>
&nbsp;&nbsp;&nbsp;⏱️  Manteniendo presionada por 300ms<br/>
&nbsp;&nbsp;&nbsp;🔓 Tecla liberada<br/>
&nbsp;&nbsp;&nbsp;⏸️  Pausa entre notas: 500ms<br/>
<br/>
🎹 Nota #16/30<br/>
&nbsp;&nbsp;&nbsp;📥 Entrada: 1si<br/>
&nbsp;&nbsp;&nbsp;📤 Salida:  1si<br/>
&nbsp;&nbsp;&nbsp;🔍 Verificación: entrada=1si <--> salida=1si<br/>
&nbsp;&nbsp;&nbsp;✓ Verificación exitosa<br/>
&nbsp;&nbsp;&nbsp;⌨️  Presionando tecla: r (data-note: 1b)<br/>
&nbsp;&nbsp;&nbsp;⏱️  Manteniendo presionada por 300ms<br/>
&nbsp;&nbsp;&nbsp;🔓 Tecla liberada<br/>
&nbsp;&nbsp;&nbsp;⏸️  Pausa entre notas: 500ms<br/>
<br/>
🎹 Nota #17/30<br/>
&nbsp;&nbsp;&nbsp;📥 Entrada: 1si<br/>
&nbsp;&nbsp;&nbsp;📤 Salida:  1si<br/>
&nbsp;&nbsp;&nbsp;🔍 Verificación: entrada=1si <--> salida=1si<br/>
&nbsp;&nbsp;&nbsp;✓ Verificación exitosa<br/>
&nbsp;&nbsp;&nbsp;⌨️  Presionando tecla: r (data-note: 1b)<br/>
&nbsp;&nbsp;&nbsp;⏱️  Manteniendo presionada por 300ms<br/>
&nbsp;&nbsp;&nbsp;🔓 Tecla liberada<br/>
&nbsp;&nbsp;&nbsp;⏸️  Pausa entre notas: 500ms<br/>
<br/>
🎹 Nota #18/30<br/>
&nbsp;&nbsp;&nbsp;📥 Entrada: 2do<br/>
&nbsp;&nbsp;&nbsp;📤 Salida:  2do<br/>
&nbsp;&nbsp;&nbsp;🔍 Verificación: entrada=2do <--> salida=2do<br/>
&nbsp;&nbsp;&nbsp;✓ Verificación exitosa<br/>
&nbsp;&nbsp;&nbsp;⌨️  Presionando tecla: t (data-note: 2c)<br/>
&nbsp;&nbsp;&nbsp;⏱️  Manteniendo presionada por 300ms<br/>
&nbsp;&nbsp;&nbsp;🔓 Tecla liberada<br/>
&nbsp;&nbsp;&nbsp;⏸️  Pausa entre notas: 500ms<br/>
<br/>
🎹 Nota #19/30<br/>
&nbsp;&nbsp;&nbsp;📥 Entrada: 2re<br/>
&nbsp;&nbsp;&nbsp;📤 Salida:  2re<br/>
&nbsp;&nbsp;&nbsp;🔍 Verificación: entrada=2re <--> salida=2re<br/>
&nbsp;&nbsp;&nbsp;✓ Verificación exitosa<br/>
&nbsp;&nbsp;&nbsp;⌨️  Presionando tecla: y (data-note: 2d)<br/>
&nbsp;&nbsp;&nbsp;⏱️  Manteniendo presionada por 300ms<br/>
&nbsp;&nbsp;&nbsp;🔓 Tecla liberada<br/>
&nbsp;&nbsp;&nbsp;⏸️  Pausa entre notas: 500ms<br/>
<br/>
🎹 Nota #20/30<br/>
&nbsp;&nbsp;&nbsp;📥 Entrada: 2re<br/>
&nbsp;&nbsp;&nbsp;📤 Salida:  2re<br/>
&nbsp;&nbsp;&nbsp;🔍 Verificación: entrada=2re <--> salida=2re<br/>
&nbsp;&nbsp;&nbsp;✓ Verificación exitosa<br/>
&nbsp;&nbsp;&nbsp;⌨️  Presionando tecla: y (data-note: 2d)<br/>
&nbsp;&nbsp;&nbsp;⏱️  Manteniendo presionada por 300ms<br/>
&nbsp;&nbsp;&nbsp;🔓 Tecla liberada<br/>
&nbsp;&nbsp;&nbsp;⏸️  Pausa entre notas: 500ms<br/>
<br/>
🎹 Nota #21/30<br/>
&nbsp;&nbsp;&nbsp;📥 Entrada: 2do<br/>
&nbsp;&nbsp;&nbsp;📤 Salida:  2do<br/>
&nbsp;&nbsp;&nbsp;🔍 Verificación: entrada=2do <--> salida=2do<br/>
&nbsp;&nbsp;&nbsp;✓ Verificación exitosa<br/>
&nbsp;&nbsp;&nbsp;⌨️  Presionando tecla: t (data-note: 2c)<br/>
&nbsp;&nbsp;&nbsp;⏱️  Manteniendo presionada por 300ms<br/>
&nbsp;&nbsp;&nbsp;🔓 Tecla liberada<br/>
&nbsp;&nbsp;&nbsp;⏸️  Pausa entre notas: 500ms<br/>
<br/>
🎹 Nota #22/30<br/>
&nbsp;&nbsp;&nbsp;📥 Entrada: 1si<br/>
&nbsp;&nbsp;&nbsp;📤 Salida:  1si<br/>
&nbsp;&nbsp;&nbsp;🔍 Verificación: entrada=1si <--> salida=1si<br/>
&nbsp;&nbsp;&nbsp;✓ Verificación exitosa<br/>
&nbsp;&nbsp;&nbsp;⌨️  Presionando tecla: r (data-note: 1b)<br/>
&nbsp;&nbsp;&nbsp;⏱️  Manteniendo presionada por 300ms<br/>
&nbsp;&nbsp;&nbsp;🔓 Tecla liberada<br/>
&nbsp;&nbsp;&nbsp;⏸️  Pausa entre notas: 500ms<br/>
<br/>
🎹 Nota #23/30<br/>
&nbsp;&nbsp;&nbsp;📥 Entrada: 1la<br/>
&nbsp;&nbsp;&nbsp;📤 Salida:  1la<br/>
&nbsp;&nbsp;&nbsp;🔍 Verificación: entrada=1la <--> salida=1la<br/>
&nbsp;&nbsp;&nbsp;✓ Verificación exitosa<br/>
&nbsp;&nbsp;&nbsp;⌨️  Presionando tecla: e (data-note: 1a)<br/>
&nbsp;&nbsp;&nbsp;⏱️  Manteniendo presionada por 300ms<br/>
&nbsp;&nbsp;&nbsp;🔓 Tecla liberada<br/>
&nbsp;&nbsp;&nbsp;⏸️  Pausa entre notas: 500ms<br/>
<br/>
🎹 Nota #24/30<br/>
&nbsp;&nbsp;&nbsp;📥 Entrada: 1sol<br/>
&nbsp;&nbsp;&nbsp;📤 Salida:  1sol<br/>
&nbsp;&nbsp;&nbsp;🔍 Verificación: entrada=1sol <--> salida=1sol<br/>
&nbsp;&nbsp;&nbsp;✓ Verificación exitosa<br/>
&nbsp;&nbsp;&nbsp;⌨️  Presionando tecla: w (data-note: 1g)<br/>
&nbsp;&nbsp;&nbsp;⏱️  Manteniendo presionada por 300ms<br/>
&nbsp;&nbsp;&nbsp;🔓 Tecla liberada<br/>
&nbsp;&nbsp;&nbsp;⏸️  Pausa entre notas: 500ms<br/>
<br/>
🎹 Nota #25/30<br/>
&nbsp;&nbsp;&nbsp;📥 Entrada: 1sol<br/>
&nbsp;&nbsp;&nbsp;📤 Salida:  1sol<br/>
&nbsp;&nbsp;&nbsp;🔍 Verificación: entrada=1sol <--> salida=1sol<br/>
&nbsp;&nbsp;&nbsp;✓ Verificación exitosa<br/>
&nbsp;&nbsp;&nbsp;⌨️  Presionando tecla: w (data-note: 1g)<br/>
&nbsp;&nbsp;&nbsp;⏱️  Manteniendo presionada por 300ms<br/>
&nbsp;&nbsp;&nbsp;🔓 Tecla liberada<br/>
&nbsp;&nbsp;&nbsp;⏸️  Pausa entre notas: 500ms<br/>
<br/>
🎹 Nota #26/30<br/>
&nbsp;&nbsp;&nbsp;📥 Entrada: 1la<br/>
&nbsp;&nbsp;&nbsp;📤 Salida:  1la<br/>
&nbsp;&nbsp;&nbsp;🔍 Verificación: entrada=1la <--> salida=1la<br/>
&nbsp;&nbsp;&nbsp;✓ Verificación exitosa<br/>
&nbsp;&nbsp;&nbsp;⌨️  Presionando tecla: e (data-note: 1a)<br/>
&nbsp;&nbsp;&nbsp;⏱️  Manteniendo presionada por 300ms<br/>
&nbsp;&nbsp;&nbsp;🔓 Tecla liberada<br/>
&nbsp;&nbsp;&nbsp;⏸️  Pausa entre notas: 500ms<br/>
<br/>
🎹 Nota #27/30<br/>
&nbsp;&nbsp;&nbsp;📥 Entrada: 1si<br/>
&nbsp;&nbsp;&nbsp;📤 Salida:  1si<br/>
&nbsp;&nbsp;&nbsp;🔍 Verificación: entrada=1si <--> salida=1si<br/>
&nbsp;&nbsp;&nbsp;✓ Verificación exitosa<br/>
&nbsp;&nbsp;&nbsp;⌨️  Presionando tecla: r (data-note: 1b)<br/>
&nbsp;&nbsp;&nbsp;⏱️  Manteniendo presionada por 300ms<br/>
&nbsp;&nbsp;&nbsp;🔓 Tecla liberada<br/>
&nbsp;&nbsp;&nbsp;⏸️  Pausa entre notas: 500ms<br/>
<br/>
🎹 Nota #28/30<br/>
&nbsp;&nbsp;&nbsp;📥 Entrada: 1si<br/>
&nbsp;&nbsp;&nbsp;📤 Salida:  1si<br/>
&nbsp;&nbsp;&nbsp;🔍 Verificación: entrada=1si <--> salida=1si<br/>
&nbsp;&nbsp;&nbsp;✓ Verificación exitosa<br/>
&nbsp;&nbsp;&nbsp;⌨️  Presionando tecla: r (data-note: 1b)<br/>
&nbsp;&nbsp;&nbsp;⏱️  Manteniendo presionada por 300ms<br/>
&nbsp;&nbsp;&nbsp;🔓 Tecla liberada<br/>
&nbsp;&nbsp;&nbsp;⏸️  Pausa entre notas: 500ms<br/>
<br/>
🎹 Nota #29/30<br/>
&nbsp;&nbsp;&nbsp;📥 Entrada: 1la<br/>
&nbsp;&nbsp;&nbsp;📤 Salida:  1la<br/>
&nbsp;&nbsp;&nbsp;🔍 Verificación: entrada=1la <--> salida=1la<br/>
&nbsp;&nbsp;&nbsp;✓ Verificación exitosa<br/>
&nbsp;&nbsp;&nbsp;⌨️  Presionando tecla: e (data-note: 1a)<br/>
&nbsp;&nbsp;&nbsp;⏱️  Manteniendo presionada por 300ms<br/>
&nbsp;&nbsp;&nbsp;🔓 Tecla liberada<br/>
&nbsp;&nbsp;&nbsp;⏸️  Pausa entre notas: 500ms<br/>
<br/>
🎹 Nota #30/30<br/>
&nbsp;&nbsp;&nbsp;📥 Entrada: 1la<br/>
&nbsp;&nbsp;&nbsp;📤 Salida:  1la<br/>
&nbsp;&nbsp;&nbsp;🔍 Verificación: entrada=1la <--> salida=1la<br/>
&nbsp;&nbsp;&nbsp;✓ Verificación exitosa<br/>
&nbsp;&nbsp;&nbsp;⌨️  Presionando tecla: e (data-note: 1a)<br/>
&nbsp;&nbsp;&nbsp;⏱️  Manteniendo presionada por 300ms<br/>
&nbsp;&nbsp;&nbsp;🔓 Tecla liberada<br/>
&nbsp;&nbsp;&nbsp;⏸️  Pausa entre notas: 500ms<br/>
<br/>
<br/>
═══════════════════════════════════════════════════<br/>
✅ Reproducción completada exitosamente<br/>
🎵 Iniciando reproducción de canción con 47 notas<br/>
📝 Secuencia: 1si,1si,2do,2re,2re,2do,1si,1la,1sol,1sol,1la,1si,1la,1sol,1sol,1la,1si,1sol,1la,1si,2do,1si,1sol,1la,1si,2do,1si,1sol,1sol,1la,2re,,1si,1si,2do,2re,2re,2do,1si,1la,1sol,1sol,1la,1si,1si,1la,1la<br/>
═══════════════════════════════════════════════════<br/>
<br/>
🎹 Nota #1/47<br/>
&nbsp;&nbsp;&nbsp;📥 Entrada: 1si<br/>
&nbsp;&nbsp;&nbsp;📤 Salida:  1si<br/>
&nbsp;&nbsp;&nbsp;🔍 Verificación: entrada=1si <--> salida=1si<br/>
&nbsp;&nbsp;&nbsp;✓ Verificación exitosa<br/>
&nbsp;&nbsp;&nbsp;⌨️  Presionando tecla: r (data-note: 1b)<br/>
&nbsp;&nbsp;&nbsp;⏱️  Manteniendo presionada por 300ms<br/>
&nbsp;&nbsp;&nbsp;🔓 Tecla liberada<br/>
&nbsp;&nbsp;&nbsp;⏸️  Pausa entre notas: 500ms<br/>
<br/>
🎹 Nota #2/47<br/>
&nbsp;&nbsp;&nbsp;📥 Entrada: 1si<br/>
&nbsp;&nbsp;&nbsp;📤 Salida:  1si<br/>
&nbsp;&nbsp;&nbsp;🔍 Verificación: entrada=1si <--> salida=1si<br/>
&nbsp;&nbsp;&nbsp;✓ Verificación exitosa<br/>
&nbsp;&nbsp;&nbsp;⌨️  Presionando tecla: r (data-note: 1b)<br/>
&nbsp;&nbsp;&nbsp;⏱️  Manteniendo presionada por 300ms<br/>
&nbsp;&nbsp;&nbsp;🔓 Tecla liberada<br/>
&nbsp;&nbsp;&nbsp;⏸️  Pausa entre notas: 500ms<br/>
<br/>
🎹 Nota #3/47<br/>
&nbsp;&nbsp;&nbsp;📥 Entrada: 2do<br/>
&nbsp;&nbsp;&nbsp;📤 Salida:  2do<br/>
&nbsp;&nbsp;&nbsp;🔍 Verificación: entrada=2do <--> salida=2do<br/>
&nbsp;&nbsp;&nbsp;✓ Verificación exitosa<br/>
&nbsp;&nbsp;&nbsp;⌨️  Presionando tecla: t (data-note: 2c)<br/>
&nbsp;&nbsp;&nbsp;⏱️  Manteniendo presionada por 300ms<br/>
&nbsp;&nbsp;&nbsp;🔓 Tecla liberada<br/>
&nbsp;&nbsp;&nbsp;⏸️  Pausa entre notas: 500ms<br/>
<br/>
🎹 Nota #4/47<br/>
&nbsp;&nbsp;&nbsp;📥 Entrada: 2re<br/>
&nbsp;&nbsp;&nbsp;📤 Salida:  2re<br/>
&nbsp;&nbsp;&nbsp;🔍 Verificación: entrada=2re <--> salida=2re<br/>
&nbsp;&nbsp;&nbsp;✓ Verificación exitosa<br/>
&nbsp;&nbsp;&nbsp;⌨️  Presionando tecla: y (data-note: 2d)<br/>
&nbsp;&nbsp;&nbsp;⏱️  Manteniendo presionada por 300ms<br/>
&nbsp;&nbsp;&nbsp;🔓 Tecla liberada<br/>
&nbsp;&nbsp;&nbsp;⏸️  Pausa entre notas: 500ms<br/>
<br/>
🎹 Nota #5/47<br/>
&nbsp;&nbsp;&nbsp;📥 Entrada: 2re<br/>
&nbsp;&nbsp;&nbsp;📤 Salida:  2re<br/>
&nbsp;&nbsp;&nbsp;🔍 Verificación: entrada=2re <--> salida=2re<br/>
&nbsp;&nbsp;&nbsp;✓ Verificación exitosa<br/>
&nbsp;&nbsp;&nbsp;⌨️  Presionando tecla: y (data-note: 2d)<br/>
&nbsp;&nbsp;&nbsp;⏱️  Manteniendo presionada por 300ms<br/>
&nbsp;&nbsp;&nbsp;🔓 Tecla liberada<br/>
&nbsp;&nbsp;&nbsp;⏸️  Pausa entre notas: 500ms<br/>
<br/>
🎹 Nota #6/47<br/>
&nbsp;&nbsp;&nbsp;📥 Entrada: 2do<br/>
&nbsp;&nbsp;&nbsp;📤 Salida:  2do<br/>
&nbsp;&nbsp;&nbsp;🔍 Verificación: entrada=2do <--> salida=2do<br/>
&nbsp;&nbsp;&nbsp;✓ Verificación exitosa<br/>
&nbsp;&nbsp;&nbsp;⌨️  Presionando tecla: t (data-note: 2c)<br/>
&nbsp;&nbsp;&nbsp;⏱️  Manteniendo presionada por 300ms<br/>
&nbsp;&nbsp;&nbsp;🔓 Tecla liberada<br/>
&nbsp;&nbsp;&nbsp;⏸️  Pausa entre notas: 500ms<br/>
<br/>
🎹 Nota #7/47<br/>
&nbsp;&nbsp;&nbsp;📥 Entrada: 1si<br/>
&nbsp;&nbsp;&nbsp;📤 Salida:  1si<br/>
&nbsp;&nbsp;&nbsp;🔍 Verificación: entrada=1si <--> salida=1si<br/>
&nbsp;&nbsp;&nbsp;✓ Verificación exitosa<br/>
&nbsp;&nbsp;&nbsp;⌨️  Presionando tecla: r (data-note: 1b)<br/>
&nbsp;&nbsp;&nbsp;⏱️  Manteniendo presionada por 300ms<br/>
&nbsp;&nbsp;&nbsp;🔓 Tecla liberada<br/>
&nbsp;&nbsp;&nbsp;⏸️  Pausa entre notas: 500ms<br/>
<br/>
🎹 Nota #8/47<br/>
&nbsp;&nbsp;&nbsp;📥 Entrada: 1la<br/>
&nbsp;&nbsp;&nbsp;📤 Salida:  1la<br/>
&nbsp;&nbsp;&nbsp;🔍 Verificación: entrada=1la <--> salida=1la<br/>
&nbsp;&nbsp;&nbsp;✓ Verificación exitosa<br/>
&nbsp;&nbsp;&nbsp;⌨️  Presionando tecla: e (data-note: 1a)<br/>
&nbsp;&nbsp;&nbsp;⏱️  Manteniendo presionada por 300ms<br/>
&nbsp;&nbsp;&nbsp;🔓 Tecla liberada<br/>
&nbsp;&nbsp;&nbsp;⏸️  Pausa entre notas: 500ms<br/>
<br/>
🎹 Nota #9/47<br/>
&nbsp;&nbsp;&nbsp;📥 Entrada: 1sol<br/>
&nbsp;&nbsp;&nbsp;📤 Salida:  1sol<br/>
&nbsp;&nbsp;&nbsp;🔍 Verificación: entrada=1sol <--> salida=1sol<br/>
&nbsp;&nbsp;&nbsp;✓ Verificación exitosa<br/>
&nbsp;&nbsp;&nbsp;⌨️  Presionando tecla: w (data-note: 1g)<br/>
&nbsp;&nbsp;&nbsp;⏱️  Manteniendo presionada por 300ms<br/>
&nbsp;&nbsp;&nbsp;🔓 Tecla liberada<br/>
&nbsp;&nbsp;&nbsp;⏸️  Pausa entre notas: 500ms<br/>
<br/>
🎹 Nota #10/47<br/>
&nbsp;&nbsp;&nbsp;📥 Entrada: 1sol<br/>
&nbsp;&nbsp;&nbsp;📤 Salida:  1sol<br/>
&nbsp;&nbsp;&nbsp;🔍 Verificación: entrada=1sol <--> salida=1sol<br/>
&nbsp;&nbsp;&nbsp;✓ Verificación exitosa<br/>
&nbsp;&nbsp;&nbsp;⌨️  Presionando tecla: w (data-note: 1g)<br/>
&nbsp;&nbsp;&nbsp;⏱️  Manteniendo presionada por 300ms<br/>
&nbsp;&nbsp;&nbsp;🔓 Tecla liberada<br/>
&nbsp;&nbsp;&nbsp;⏸️  Pausa entre notas: 500ms<br/>
<br/>
🎹 Nota #11/47<br/>
&nbsp;&nbsp;&nbsp;📥 Entrada: 1la<br/>
&nbsp;&nbsp;&nbsp;📤 Salida:  1la<br/>
&nbsp;&nbsp;&nbsp;🔍 Verificación: entrada=1la <--> salida=1la<br/>
&nbsp;&nbsp;&nbsp;✓ Verificación exitosa<br/>
&nbsp;&nbsp;&nbsp;⌨️  Presionando tecla: e (data-note: 1a)<br/>
&nbsp;&nbsp;&nbsp;⏱️  Manteniendo presionada por 300ms<br/>
&nbsp;&nbsp;&nbsp;🔓 Tecla liberada<br/>
&nbsp;&nbsp;&nbsp;⏸️  Pausa entre notas: 500ms<br/>
<br/>
🎹 Nota #12/47<br/>
&nbsp;&nbsp;&nbsp;📥 Entrada: 1si<br/>
&nbsp;&nbsp;&nbsp;📤 Salida:  1si<br/>
&nbsp;&nbsp;&nbsp;🔍 Verificación: entrada=1si <--> salida=1si<br/>
&nbsp;&nbsp;&nbsp;✓ Verificación exitosa<br/>
&nbsp;&nbsp;&nbsp;⌨️  Presionando tecla: r (data-note: 1b)<br/>
&nbsp;&nbsp;&nbsp;⏱️  Manteniendo presionada por 300ms<br/>
&nbsp;&nbsp;&nbsp;🔓 Tecla liberada<br/>
&nbsp;&nbsp;&nbsp;⏸️  Pausa entre notas: 500ms<br/>
<br/>
🎹 Nota #13/47<br/>
&nbsp;&nbsp;&nbsp;📥 Entrada: 1la<br/>
&nbsp;&nbsp;&nbsp;📤 Salida:  1la<br/>
&nbsp;&nbsp;&nbsp;🔍 Verificación: entrada=1la <--> salida=1la<br/>
&nbsp;&nbsp;&nbsp;✓ Verificación exitosa<br/>
&nbsp;&nbsp;&nbsp;⌨️  Presionando tecla: e (data-note: 1a)<br/>
&nbsp;&nbsp;&nbsp;⏱️  Manteniendo presionada por 300ms<br/>
&nbsp;&nbsp;&nbsp;🔓 Tecla liberada<br/>
&nbsp;&nbsp;&nbsp;⏸️  Pausa entre notas: 500ms<br/>
<br/>
🎹 Nota #14/47<br/>
&nbsp;&nbsp;&nbsp;📥 Entrada: 1sol<br/>
&nbsp;&nbsp;&nbsp;📤 Salida:  1sol<br/>
&nbsp;&nbsp;&nbsp;🔍 Verificación: entrada=1sol <--> salida=1sol<br/>
&nbsp;&nbsp;&nbsp;✓ Verificación exitosa<br/>
&nbsp;&nbsp;&nbsp;⌨️  Presionando tecla: w (data-note: 1g)<br/>
&nbsp;&nbsp;&nbsp;⏱️  Manteniendo presionada por 300ms<br/>
&nbsp;&nbsp;&nbsp;🔓 Tecla liberada<br/>
&nbsp;&nbsp;&nbsp;⏸️  Pausa entre notas: 500ms<br/>
<br/>
🎹 Nota #15/47<br/>
&nbsp;&nbsp;&nbsp;📥 Entrada: 1sol<br/>
&nbsp;&nbsp;&nbsp;📤 Salida:  1sol<br/>
&nbsp;&nbsp;&nbsp;🔍 Verificación: entrada=1sol <--> salida=1sol<br/>
&nbsp;&nbsp;&nbsp;✓ Verificación exitosa<br/>
&nbsp;&nbsp;&nbsp;⌨️  Presionando tecla: w (data-note: 1g)<br/>
&nbsp;&nbsp;&nbsp;⏱️  Manteniendo presionada por 300ms<br/>
&nbsp;&nbsp;&nbsp;🔓 Tecla liberada<br/>
&nbsp;&nbsp;&nbsp;⏸️  Pausa entre notas: 500ms<br/>
<br/>
🎹 Nota #16/47<br/>
&nbsp;&nbsp;&nbsp;📥 Entrada: 1la<br/>
&nbsp;&nbsp;&nbsp;📤 Salida:  1la<br/>
&nbsp;&nbsp;&nbsp;🔍 Verificación: entrada=1la <--> salida=1la<br/>
&nbsp;&nbsp;&nbsp;✓ Verificación exitosa<br/>
&nbsp;&nbsp;&nbsp;⌨️  Presionando tecla: e (data-note: 1a)<br/>
&nbsp;&nbsp;&nbsp;⏱️  Manteniendo presionada por 300ms<br/>
&nbsp;&nbsp;&nbsp;🔓 Tecla liberada<br/>
&nbsp;&nbsp;&nbsp;⏸️  Pausa entre notas: 500ms<br/>
<br/>
🎹 Nota #17/47<br/>
&nbsp;&nbsp;&nbsp;📥 Entrada: 1si<br/>
&nbsp;&nbsp;&nbsp;📤 Salida:  1si<br/>
&nbsp;&nbsp;&nbsp;🔍 Verificación: entrada=1si <--> salida=1si<br/>
&nbsp;&nbsp;&nbsp;✓ Verificación exitosa<br/>
&nbsp;&nbsp;&nbsp;⌨️  Presionando tecla: r (data-note: 1b)<br/>
&nbsp;&nbsp;&nbsp;⏱️  Manteniendo presionada por 300ms<br/>
&nbsp;&nbsp;&nbsp;🔓 Tecla liberada<br/>
&nbsp;&nbsp;&nbsp;⏸️  Pausa entre notas: 500ms<br/>
<br/>
🎹 Nota #18/47<br/>
&nbsp;&nbsp;&nbsp;📥 Entrada: 1sol<br/>
&nbsp;&nbsp;&nbsp;📤 Salida:  1sol<br/>
&nbsp;&nbsp;&nbsp;🔍 Verificación: entrada=1sol <--> salida=1sol<br/>
&nbsp;&nbsp;&nbsp;✓ Verificación exitosa<br/>
&nbsp;&nbsp;&nbsp;⌨️  Presionando tecla: w (data-note: 1g)<br/>
&nbsp;&nbsp;&nbsp;⏱️  Manteniendo presionada por 300ms<br/>
&nbsp;&nbsp;&nbsp;🔓 Tecla liberada<br/>
&nbsp;&nbsp;&nbsp;⏸️  Pausa entre notas: 500ms<br/>
<br/>
🎹 Nota #19/47<br/>
&nbsp;&nbsp;&nbsp;📥 Entrada: 1la<br/>
&nbsp;&nbsp;&nbsp;📤 Salida:  1la<br/>
&nbsp;&nbsp;&nbsp;🔍 Verificación: entrada=1la <--> salida=1la<br/>
&nbsp;&nbsp;&nbsp;✓ Verificación exitosa<br/>
&nbsp;&nbsp;&nbsp;⌨️  Presionando tecla: e (data-note: 1a)<br/>
&nbsp;&nbsp;&nbsp;⏱️  Manteniendo presionada por 300ms<br/>
&nbsp;&nbsp;&nbsp;🔓 Tecla liberada<br/>
&nbsp;&nbsp;&nbsp;⏸️  Pausa entre notas: 500ms<br/>
<br/>
🎹 Nota #20/47<br/>
&nbsp;&nbsp;&nbsp;📥 Entrada: 1si<br/>
&nbsp;&nbsp;&nbsp;📤 Salida:  1si<br/>
&nbsp;&nbsp;&nbsp;🔍 Verificación: entrada=1si <--> salida=1si<br/>
&nbsp;&nbsp;&nbsp;✓ Verificación exitosa<br/>
&nbsp;&nbsp;&nbsp;⌨️  Presionando tecla: r (data-note: 1b)<br/>
&nbsp;&nbsp;&nbsp;⏱️  Manteniendo presionada por 300ms<br/>
&nbsp;&nbsp;&nbsp;🔓 Tecla liberada<br/>
&nbsp;&nbsp;&nbsp;⏸️  Pausa entre notas: 500ms<br/>
<br/>
🎹 Nota #21/47<br/>
&nbsp;&nbsp;&nbsp;📥 Entrada: 2do<br/>
&nbsp;&nbsp;&nbsp;📤 Salida:  2do<br/>
&nbsp;&nbsp;&nbsp;🔍 Verificación: entrada=2do <--> salida=2do<br/>
&nbsp;&nbsp;&nbsp;✓ Verificación exitosa<br/>
&nbsp;&nbsp;&nbsp;⌨️  Presionando tecla: t (data-note: 2c)<br/>
&nbsp;&nbsp;&nbsp;⏱️  Manteniendo presionada por 300ms<br/>
&nbsp;&nbsp;&nbsp;🔓 Tecla liberada<br/>
&nbsp;&nbsp;&nbsp;⏸️  Pausa entre notas: 500ms<br/>
<br/>
🎹 Nota #22/47<br/>
&nbsp;&nbsp;&nbsp;📥 Entrada: 1si<br/>
&nbsp;&nbsp;&nbsp;📤 Salida:  1si<br/>
&nbsp;&nbsp;&nbsp;🔍 Verificación: entrada=1si <--> salida=1si<br/>
&nbsp;&nbsp;&nbsp;✓ Verificación exitosa<br/>
&nbsp;&nbsp;&nbsp;⌨️  Presionando tecla: r (data-note: 1b)<br/>
&nbsp;&nbsp;&nbsp;⏱️  Manteniendo presionada por 300ms<br/>
&nbsp;&nbsp;&nbsp;🔓 Tecla liberada<br/>
&nbsp;&nbsp;&nbsp;⏸️  Pausa entre notas: 500ms<br/>
<br/>
🎹 Nota #23/47<br/>
&nbsp;&nbsp;&nbsp;📥 Entrada: 1sol<br/>
&nbsp;&nbsp;&nbsp;📤 Salida:  1sol<br/>
&nbsp;&nbsp;&nbsp;🔍 Verificación: entrada=1sol <--> salida=1sol<br/>
&nbsp;&nbsp;&nbsp;✓ Verificación exitosa<br/>
&nbsp;&nbsp;&nbsp;⌨️  Presionando tecla: w (data-note: 1g)<br/>
&nbsp;&nbsp;&nbsp;⏱️  Manteniendo presionada por 300ms<br/>
&nbsp;&nbsp;&nbsp;🔓 Tecla liberada<br/>
&nbsp;&nbsp;&nbsp;⏸️  Pausa entre notas: 500ms<br/>
<br/>
🎹 Nota #24/47<br/>
&nbsp;&nbsp;&nbsp;📥 Entrada: 1la<br/>
&nbsp;&nbsp;&nbsp;📤 Salida:  1la<br/>
&nbsp;&nbsp;&nbsp;🔍 Verificación: entrada=1la <--> salida=1la<br/>
&nbsp;&nbsp;&nbsp;✓ Verificación exitosa<br/>
&nbsp;&nbsp;&nbsp;⌨️  Presionando tecla: e (data-note: 1a)<br/>
&nbsp;&nbsp;&nbsp;⏱️  Manteniendo presionada por 300ms<br/>
&nbsp;&nbsp;&nbsp;🔓 Tecla liberada<br/>
&nbsp;&nbsp;&nbsp;⏸️  Pausa entre notas: 500ms<br/>
<br/>
🎹 Nota #25/47<br/>
&nbsp;&nbsp;&nbsp;📥 Entrada: 1si<br/>
&nbsp;&nbsp;&nbsp;📤 Salida:  1si<br/>
&nbsp;&nbsp;&nbsp;🔍 Verificación: entrada=1si <--> salida=1si<br/>
&nbsp;&nbsp;&nbsp;✓ Verificación exitosa<br/>
&nbsp;&nbsp;&nbsp;⌨️  Presionando tecla: r (data-note: 1b)<br/>
&nbsp;&nbsp;&nbsp;⏱️  Manteniendo presionada por 300ms<br/>
&nbsp;&nbsp;&nbsp;🔓 Tecla liberada<br/>
&nbsp;&nbsp;&nbsp;⏸️  Pausa entre notas: 500ms<br/>
<br/>
🎹 Nota #26/47<br/>
&nbsp;&nbsp;&nbsp;📥 Entrada: 2do<br/>
&nbsp;&nbsp;&nbsp;📤 Salida:  2do<br/>
&nbsp;&nbsp;&nbsp;🔍 Verificación: entrada=2do <--> salida=2do<br/>
&nbsp;&nbsp;&nbsp;✓ Verificación exitosa<br/>
&nbsp;&nbsp;&nbsp;⌨️  Presionando tecla: t (data-note: 2c)<br/>
&nbsp;&nbsp;&nbsp;⏱️  Manteniendo presionada por 300ms<br/>
&nbsp;&nbsp;&nbsp;🔓 Tecla liberada<br/>
&nbsp;&nbsp;&nbsp;⏸️  Pausa entre notas: 500ms<br/>
<br/>
🎹 Nota #27/47<br/>
&nbsp;&nbsp;&nbsp;📥 Entrada: 1si<br/>
&nbsp;&nbsp;&nbsp;📤 Salida:  1si<br/>
&nbsp;&nbsp;&nbsp;🔍 Verificación: entrada=1si <--> salida=1si<br/>
&nbsp;&nbsp;&nbsp;✓ Verificación exitosa<br/>
&nbsp;&nbsp;&nbsp;⌨️  Presionando tecla: r (data-note: 1b)<br/>
&nbsp;&nbsp;&nbsp;⏱️  Manteniendo presionada por 300ms<br/>
&nbsp;&nbsp;&nbsp;🔓 Tecla liberada<br/>
&nbsp;&nbsp;&nbsp;⏸️  Pausa entre notas: 500ms<br/>
<br/>
🎹 Nota #28/47<br/>
&nbsp;&nbsp;&nbsp;📥 Entrada: 1sol<br/>
&nbsp;&nbsp;&nbsp;📤 Salida:  1sol<br/>
&nbsp;&nbsp;&nbsp;🔍 Verificación: entrada=1sol <--> salida=1sol<br/>
&nbsp;&nbsp;&nbsp;✓ Verificación exitosa<br/>
&nbsp;&nbsp;&nbsp;⌨️  Presionando tecla: w (data-note: 1g)<br/>
&nbsp;&nbsp;&nbsp;⏱️  Manteniendo presionada por 300ms<br/>
&nbsp;&nbsp;&nbsp;🔓 Tecla liberada<br/>
&nbsp;&nbsp;&nbsp;⏸️  Pausa entre notas: 500ms<br/>
<br/>
🎹 Nota #29/47<br/>
&nbsp;&nbsp;&nbsp;📥 Entrada: 1sol<br/>
&nbsp;&nbsp;&nbsp;📤 Salida:  1sol<br/>
&nbsp;&nbsp;&nbsp;🔍 Verificación: entrada=1sol <--> salida=1sol<br/>
&nbsp;&nbsp;&nbsp;✓ Verificación exitosa<br/>
&nbsp;&nbsp;&nbsp;⌨️  Presionando tecla: w (data-note: 1g)<br/>
&nbsp;&nbsp;&nbsp;⏱️  Manteniendo presionada por 300ms<br/>
&nbsp;&nbsp;&nbsp;🔓 Tecla liberada<br/>
&nbsp;&nbsp;&nbsp;⏸️  Pausa entre notas: 500ms<br/>
<br/>
🎹 Nota #30/47<br/>
&nbsp;&nbsp;&nbsp;📥 Entrada: 1la<br/>
&nbsp;&nbsp;&nbsp;📤 Salida:  1la<br/>
&nbsp;&nbsp;&nbsp;🔍 Verificación: entrada=1la <--> salida=1la<br/>
&nbsp;&nbsp;&nbsp;✓ Verificación exitosa<br/>
&nbsp;&nbsp;&nbsp;⌨️  Presionando tecla: e (data-note: 1a)<br/>
&nbsp;&nbsp;&nbsp;⏱️  Manteniendo presionada por 300ms<br/>
&nbsp;&nbsp;&nbsp;🔓 Tecla liberada<br/>
&nbsp;&nbsp;&nbsp;⏸️  Pausa entre notas: 500ms<br/>
<br/>
🎹 Nota #31/47<br/>
&nbsp;&nbsp;&nbsp;📥 Entrada: 2re<br/>
&nbsp;&nbsp;&nbsp;📤 Salida:  2re<br/>
&nbsp;&nbsp;&nbsp;🔍 Verificación: entrada=2re <--> salida=2re<br/>
&nbsp;&nbsp;&nbsp;✓ Verificación exitosa<br/>
&nbsp;&nbsp;&nbsp;⌨️  Presionando tecla: y (data-note: 2d)<br/>
&nbsp;&nbsp;&nbsp;⏱️  Manteniendo presionada por 300ms<br/>
&nbsp;&nbsp;&nbsp;🔓 Tecla liberada<br/>
&nbsp;&nbsp;&nbsp;⏸️  Pausa entre notas: 500ms<br/>
<br/>
🎹 Nota #32/47<br/>
&nbsp;&nbsp;&nbsp;📥 Entrada: 1si<br/>
&nbsp;&nbsp;&nbsp;📤 Salida:  1si<br/>
&nbsp;&nbsp;&nbsp;🔍 Verificación: entrada=1si <--> salida=1si<br/>
&nbsp;&nbsp;&nbsp;✓ Verificación exitosa<br/>
&nbsp;&nbsp;&nbsp;⌨️  Presionando tecla: r (data-note: 1b)<br/>
&nbsp;&nbsp;&nbsp;⏱️  Manteniendo presionada por 300ms<br/>
&nbsp;&nbsp;&nbsp;🔓 Tecla liberada<br/>
&nbsp;&nbsp;&nbsp;⏸️  Pausa entre notas: 500ms<br/>
<br/>
🎹 Nota #33/47<br/>
&nbsp;&nbsp;&nbsp;📥 Entrada: 1si<br/>
&nbsp;&nbsp;&nbsp;📤 Salida:  1si<br/>
&nbsp;&nbsp;&nbsp;🔍 Verificación: entrada=1si <--> salida=1si<br/>
&nbsp;&nbsp;&nbsp;✓ Verificación exitosa<br/>
&nbsp;&nbsp;&nbsp;⌨️  Presionando tecla: r (data-note: 1b)<br/>
&nbsp;&nbsp;&nbsp;⏱️  Manteniendo presionada por 300ms<br/>
&nbsp;&nbsp;&nbsp;🔓 Tecla liberada<br/>
&nbsp;&nbsp;&nbsp;⏸️  Pausa entre notas: 500ms<br/>
<br/>
🎹 Nota #34/47<br/>
&nbsp;&nbsp;&nbsp;📥 Entrada: 2do<br/>
&nbsp;&nbsp;&nbsp;📤 Salida:  2do<br/>
&nbsp;&nbsp;&nbsp;🔍 Verificación: entrada=2do <--> salida=2do<br/>
&nbsp;&nbsp;&nbsp;✓ Verificación exitosa<br/>
&nbsp;&nbsp;&nbsp;⌨️  Presionando tecla: t (data-note: 2c)<br/>
&nbsp;&nbsp;&nbsp;⏱️  Manteniendo presionada por 300ms<br/>
&nbsp;&nbsp;&nbsp;🔓 Tecla liberada<br/>
&nbsp;&nbsp;&nbsp;⏸️  Pausa entre notas: 500ms<br/>
<br/>
🎹 Nota #35/47<br/>
&nbsp;&nbsp;&nbsp;📥 Entrada: 2re<br/>
&nbsp;&nbsp;&nbsp;📤 Salida:  2re<br/>
&nbsp;&nbsp;&nbsp;🔍 Verificación: entrada=2re <--> salida=2re<br/>
&nbsp;&nbsp;&nbsp;✓ Verificación exitosa<br/>
&nbsp;&nbsp;&nbsp;⌨️  Presionando tecla: y (data-note: 2d)<br/>
&nbsp;&nbsp;&nbsp;⏱️  Manteniendo presionada por 300ms<br/>
&nbsp;&nbsp;&nbsp;🔓 Tecla liberada<br/>
&nbsp;&nbsp;&nbsp;⏸️  Pausa entre notas: 500ms<br/>
<br/>
🎹 Nota #36/47<br/>
&nbsp;&nbsp;&nbsp;📥 Entrada: 2re<br/>
&nbsp;&nbsp;&nbsp;📤 Salida:  2re<br/>
&nbsp;&nbsp;&nbsp;🔍 Verificación: entrada=2re <--> salida=2re<br/>
&nbsp;&nbsp;&nbsp;✓ Verificación exitosa<br/>
&nbsp;&nbsp;&nbsp;⌨️  Presionando tecla: y (data-note: 2d)<br/>
&nbsp;&nbsp;&nbsp;⏱️  Manteniendo presionada por 300ms<br/>
&nbsp;&nbsp;&nbsp;🔓 Tecla liberada<br/>
&nbsp;&nbsp;&nbsp;⏸️  Pausa entre notas: 500ms<br/>
<br/>
🎹 Nota #37/47<br/>
&nbsp;&nbsp;&nbsp;📥 Entrada: 2do<br/>
&nbsp;&nbsp;&nbsp;📤 Salida:  2do<br/>
&nbsp;&nbsp;&nbsp;🔍 Verificación: entrada=2do <--> salida=2do<br/>
&nbsp;&nbsp;&nbsp;✓ Verificación exitosa<br/>
&nbsp;&nbsp;&nbsp;⌨️  Presionando tecla: t (data-note: 2c)<br/>
&nbsp;&nbsp;&nbsp;⏱️  Manteniendo presionada por 300ms<br/>
&nbsp;&nbsp;&nbsp;🔓 Tecla liberada<br/>
&nbsp;&nbsp;&nbsp;⏸️  Pausa entre notas: 500ms<br/>
<br/>
🎹 Nota #38/47<br/>
&nbsp;&nbsp;&nbsp;📥 Entrada: 1si<br/>
&nbsp;&nbsp;&nbsp;📤 Salida:  1si<br/>
&nbsp;&nbsp;&nbsp;🔍 Verificación: entrada=1si <--> salida=1si<br/>
&nbsp;&nbsp;&nbsp;✓ Verificación exitosa<br/>
&nbsp;&nbsp;&nbsp;⌨️  Presionando tecla: r (data-note: 1b)<br/>
&nbsp;&nbsp;&nbsp;⏱️  Manteniendo presionada por 300ms<br/>
&nbsp;&nbsp;&nbsp;🔓 Tecla liberada<br/>
&nbsp;&nbsp;&nbsp;⏸️  Pausa entre notas: 500ms<br/>
<br/>
🎹 Nota #39/47<br/>
&nbsp;&nbsp;&nbsp;📥 Entrada: 1la<br/>
&nbsp;&nbsp;&nbsp;📤 Salida:  1la<br/>
&nbsp;&nbsp;&nbsp;🔍 Verificación: entrada=1la <--> salida=1la<br/>
&nbsp;&nbsp;&nbsp;✓ Verificación exitosa<br/>
&nbsp;&nbsp;&nbsp;⌨️  Presionando tecla: e (data-note: 1a)<br/>
&nbsp;&nbsp;&nbsp;⏱️  Manteniendo presionada por 300ms<br/>
&nbsp;&nbsp;&nbsp;🔓 Tecla liberada<br/>
&nbsp;&nbsp;&nbsp;⏸️  Pausa entre notas: 500ms<br/>
<br/>
🎹 Nota #40/47<br/>
&nbsp;&nbsp;&nbsp;📥 Entrada: 1sol<br/>
&nbsp;&nbsp;&nbsp;📤 Salida:  1sol<br/>
&nbsp;&nbsp;&nbsp;🔍 Verificación: entrada=1sol <--> salida=1sol<br/>
&nbsp;&nbsp;&nbsp;✓ Verificación exitosa<br/>
&nbsp;&nbsp;&nbsp;⌨️  Presionando tecla: w (data-note: 1g)<br/>
&nbsp;&nbsp;&nbsp;⏱️  Manteniendo presionada por 300ms<br/>
&nbsp;&nbsp;&nbsp;🔓 Tecla liberada<br/>
&nbsp;&nbsp;&nbsp;⏸️  Pausa entre notas: 500ms<br/>
<br/>
🎹 Nota #41/47<br/>
&nbsp;&nbsp;&nbsp;📥 Entrada: 1sol<br/>
&nbsp;&nbsp;&nbsp;📤 Salida:  1sol<br/>
&nbsp;&nbsp;&nbsp;🔍 Verificación: entrada=1sol <--> salida=1sol<br/>
&nbsp;&nbsp;&nbsp;✓ Verificación exitosa<br/>
&nbsp;&nbsp;&nbsp;⌨️  Presionando tecla: w (data-note: 1g)<br/>
&nbsp;&nbsp;&nbsp;⏱️  Manteniendo presionada por 300ms<br/>
&nbsp;&nbsp;&nbsp;🔓 Tecla liberada<br/>
&nbsp;&nbsp;&nbsp;⏸️  Pausa entre notas: 500ms<br/>
<br/>
🎹 Nota #42/47<br/>
&nbsp;&nbsp;&nbsp;📥 Entrada: 1la<br/>
&nbsp;&nbsp;&nbsp;📤 Salida:  1la<br/>
&nbsp;&nbsp;&nbsp;🔍 Verificación: entrada=1la <--> salida=1la<br/>
&nbsp;&nbsp;&nbsp;✓ Verificación exitosa<br/>
&nbsp;&nbsp;&nbsp;⌨️  Presionando tecla: e (data-note: 1a)<br/>
&nbsp;&nbsp;&nbsp;⏱️  Manteniendo presionada por 300ms<br/>
&nbsp;&nbsp;&nbsp;🔓 Tecla liberada<br/>
&nbsp;&nbsp;&nbsp;⏸️  Pausa entre notas: 500ms<br/>
<br/>
🎹 Nota #43/47<br/>
&nbsp;&nbsp;&nbsp;📥 Entrada: 1si<br/>
&nbsp;&nbsp;&nbsp;📤 Salida:  1si<br/>
&nbsp;&nbsp;&nbsp;🔍 Verificación: entrada=1si <--> salida=1si<br/>
&nbsp;&nbsp;&nbsp;✓ Verificación exitosa<br/>
&nbsp;&nbsp;&nbsp;⌨️  Presionando tecla: r (data-note: 1b)<br/>
&nbsp;&nbsp;&nbsp;⏱️  Manteniendo presionada por 300ms<br/>
&nbsp;&nbsp;&nbsp;🔓 Tecla liberada<br/>
&nbsp;&nbsp;&nbsp;⏸️  Pausa entre notas: 500ms<br/>
<br/>
🎹 Nota #44/47<br/>
&nbsp;&nbsp;&nbsp;📥 Entrada: 1si<br/>
&nbsp;&nbsp;&nbsp;📤 Salida:  1si<br/>
&nbsp;&nbsp;&nbsp;🔍 Verificación: entrada=1si <--> salida=1si<br/>
&nbsp;&nbsp;&nbsp;✓ Verificación exitosa<br/>
&nbsp;&nbsp;&nbsp;⌨️  Presionando tecla: r (data-note: 1b)<br/>
&nbsp;&nbsp;&nbsp;⏱️  Manteniendo presionada por 300ms<br/>
&nbsp;&nbsp;&nbsp;🔓 Tecla liberada<br/>
&nbsp;&nbsp;&nbsp;⏸️  Pausa entre notas: 500ms<br/>
<br/>
🎹 Nota #45/47<br/>
&nbsp;&nbsp;&nbsp;📥 Entrada: 1la<br/>
&nbsp;&nbsp;&nbsp;📤 Salida:  1la<br/>
&nbsp;&nbsp;&nbsp;🔍 Verificación: entrada=1la <--> salida=1la<br/>
&nbsp;&nbsp;&nbsp;✓ Verificación exitosa<br/>
&nbsp;&nbsp;&nbsp;⌨️  Presionando tecla: e (data-note: 1a)<br/>
&nbsp;&nbsp;&nbsp;⏱️  Manteniendo presionada por 300ms<br/>
&nbsp;&nbsp;&nbsp;🔓 Tecla liberada<br/>
&nbsp;&nbsp;&nbsp;⏸️  Pausa entre notas: 500ms<br/>
<br/>
🎹 Nota #46/47<br/>
&nbsp;&nbsp;&nbsp;📥 Entrada: 1la<br/>
&nbsp;&nbsp;&nbsp;📤 Salida:  1la<br/>
&nbsp;&nbsp;&nbsp;🔍 Verificación: entrada=1la <--> salida=1la<br/>
&nbsp;&nbsp;&nbsp;✓ Verificación exitosa<br/>
&nbsp;&nbsp;&nbsp;⌨️  Presionando tecla: e (data-note: 1a)<br/>
&nbsp;&nbsp;&nbsp;⏱️  Manteniendo presionada por 300ms<br/>
&nbsp;&nbsp;&nbsp;🔓 Tecla liberada<br/>
&nbsp;&nbsp;&nbsp;⏸️  Pausa entre notas: 500ms<br/>
<br/>
<br/>
═══════════════════════════════════════════════════<br/>
✅ Reproducción completada exitosamente<br/>]]>
  </system-out>
</testsuite> <!-- com.pdcj.VirtualPianoTest -->
